INFO  []                       CLI 281  | CLI args: [-batch, -export, -output, out_omr/musicxml, out_omr/images/0NGJ0Bnk.png]
INFO  []              TesseractOCR 121  | TESSDATA_PREFIX: null
INFO  []                      Main 416  | Environment:
- Audiveris:    5.7.0:290525b
- OS:           Mac OS X 15.3.2
- Architecture: aarch64
- Java VM:      OpenJDK 64-Bit Server VM (build 24.0.2+12, mixed mode)
- OCR Engine:   Tesseract OCR, version 5.5.1
INFO  []             AliasPatterns 134  | Alias patterns: [(IMSLP[0-9]*)-.*]
INFO  []                      Main 247  | Running in batch mode
WARN  []                 Languages 142  | *** No installed OCR languages ***
INFO  []                      Main 193  | Submitting 1 task(s) in sequence:
    Input "/Users/noamshamir/Documents/ind_proj/scripts/scraping/out_omr/images/0NGJ0Bnk.png"
INFO  [0NGJ0Bnk]                      Book 562  | 1 sheet in /Users/noamshamir/Documents/ind_proj/scripts/scraping/out_omr/images/0NGJ0Bnk.png
INFO  []                      Book 2531 | Stored /book.xml
INFO  []                      Book 2491 | Book stored as out_omr/musicxml/0NGJ0Bnk.omr
INFO  []                      Book 1933 | Book reaching PAGE on sheets:[#1]
INFO  [0NGJ0Bnk]            StepMonitoring 98   | LOAD
INFO  [0NGJ0Bnk]                 SheetStub 1268 | Loaded image #1 1970x199 from /Users/noamshamir/Documents/ind_proj/scripts/scraping/out_omr/images/0NGJ0Bnk.png
INFO  [0NGJ0Bnk]            StepMonitoring 98   | BINARY
INFO  [0NGJ0Bnk]            StepMonitoring 98   | SCALE
INFO  [0NGJ0Bnk]              ScaleBuilder 241  | Beam  guessed height: 10 -- 0.50 of 21 interline
INFO  [0NGJ0Bnk]              ScaleBuilder 264  | Beam measured height: 11 -- 0.33 of [6..21] range at 959% of needed quorum
INFO  [0NGJ0Bnk]                 ScaleStep 65   | Scale{ interline(20,21,21) line(3,3,3) beam(11)}
INFO  [0NGJ0Bnk]            StepMonitoring 98   | GRID
INFO  [0NGJ0Bnk]            LinesRetriever 1500 | Global slope: 0.00000
INFO  [0NGJ0Bnk]         ClustersRetriever 328  | Retrieved raw line clusters: 1 of sizes [5] with interline(20,21,21)
INFO  [0NGJ0Bnk]                 PeakGraph 310  | Systems: #1[1]
INFO  [0NGJ0Bnk]             SystemManager 779  | 1 part along 1 system
INFO  [0NGJ0Bnk]                      Book 545  | Created scores: [{Score 1}]
INFO  [0NGJ0Bnk]            StepMonitoring 98   | HEADERS
INFO  [0NGJ0Bnk]           BasicClassifier 277  | Classifier loaded XML norms.
INFO  [0NGJ0Bnk]        AbstractClassifier 396  | Classifier data loaded from default uri jar:file:/Applications/Audiveris.app/Contents/app/audiveris.jar!/res/basic-classifier.zip
INFO  [0NGJ0Bnk]            StepMonitoring 98   | STEM_SEEDS
INFO  [0NGJ0Bnk]             StemSeedsStep 86   | stem(4 max:5)
INFO  [0NGJ0Bnk]            StepMonitoring 98   | BEAMS
INFO  [0NGJ0Bnk]            StepMonitoring 98   | LEDGERS
INFO  [0NGJ0Bnk]            StepMonitoring 98   | HEADS
INFO  [0NGJ0Bnk]             HeadSeedTally 235  | Scale information: HeadSeeds{NOTEHEAD_BLACK[R:-0.6]}
INFO  [0NGJ0Bnk]            StepMonitoring 98   | STEMS
INFO  [0NGJ0Bnk]            StepMonitoring 98   | REDUCTION
INFO  [0NGJ0Bnk]             ReductionStep 105  | Stems free length median value: 70 pixels, 3.3 interlines
INFO  [0NGJ0Bnk]            StepMonitoring 98   | CUE_BEAMS
INFO  [0NGJ0Bnk]              CueBeamsStep 81   | Step CUE_BEAMS is skipped because small heads switch is off
INFO  [0NGJ0Bnk]            StepMonitoring 98   | TEXTS
WARN  [0NGJ0Bnk]              TesseractOCR 335  | The collection of supported languages is empty
INFO  [0NGJ0Bnk]                   OcrUtil 106  | Missing support for 'eng' language(s)
INFO  [0NGJ0Bnk]            StepMonitoring 98   | MEASURES
INFO  [0NGJ0Bnk]                      Page 307  | 3 raw measures: [3 in system#1]
INFO  [0NGJ0Bnk]            StepMonitoring 98   | CHORDS
INFO  [0NGJ0Bnk]            StepMonitoring 98   | CURVES
INFO  [0NGJ0Bnk]              SlursBuilder 240  | Slurs: 1
INFO  [0NGJ0Bnk]           SegmentsBuilder 155  | Segments: 2
INFO  [0NGJ0Bnk]            StepMonitoring 98   | SYMBOLS
INFO  [0NGJ0Bnk]            StepMonitoring 98   | LINKS
INFO  [0NGJ0Bnk]            StepMonitoring 98   | RHYTHMS
INFO  [0NGJ0Bnk]            StepMonitoring 98   | PAGE
INFO  [0NGJ0Bnk]                      Book 2550 | Book{0NGJ0Bnk} storing
INFO  [0NGJ0Bnk]                      Book 2531 | Stored /book.xml
INFO  [0NGJ0Bnk]                DataHolder 348  | Stored /sheet#1/BINARY.png
INFO  [0NGJ0Bnk]                     Sheet 1562 | Stored /sheet#1/sheet#1.xml
INFO  [0NGJ0Bnk]                      Book 2491 | Book stored as out_omr/musicxml/0NGJ0Bnk.omr
INFO  [0NGJ0Bnk]                 SheetStub 1644 | Disposed sheet
INFO  [0NGJ0Bnk]                      Book 2018 | End of Stub#1 memory: 31,359,952
INFO  [0NGJ0Bnk]                      Book 2025 | Book processed.
INFO  [0NGJ0Bnk]                 SheetStub 995  | Loaded /sheet#1/sheet#1.xml
INFO  [0NGJ0Bnk]           PartwiseBuilder 2661 | Exporting sheet(s): [#1]
INFO  [0NGJ0Bnk]             ScoreExporter 164  | Score 0NGJ0Bnk exported to out_omr/musicxml/0NGJ0Bnk.mxl
INFO  [0NGJ0Bnk]                     Score 181  | Closing {Score 1}
