INFO  []                       CLI 281  | CLI args: [-batch, -export, -output, out_omr/musicxml, out_omr/images/1Rrae5gw.png]
INFO  []              TesseractOCR 121  | TESSDATA_PREFIX: null
INFO  []                      Main 416  | Environment:
- Audiveris:    5.7.0:290525b
- OS:           Mac OS X 15.3.2
- Architecture: aarch64
- Java VM:      OpenJDK 64-Bit Server VM (build 24.0.2+12, mixed mode)
- OCR Engine:   Tesseract OCR, version 5.5.1
INFO  []             AliasPatterns 134  | Alias patterns: [(IMSLP[0-9]*)-.*]
INFO  []                      Main 247  | Running in batch mode
WARN  []                 Languages 142  | *** No installed OCR languages ***
INFO  []                      Main 193  | Submitting 1 task(s) in sequence:
    Input "/Users/noamshamir/Documents/ind_proj/scripts/scraping/out_omr/images/1Rrae5gw.png"
INFO  [1Rrae5gw]                      Book 562  | 1 sheet in /Users/noamshamir/Documents/ind_proj/scripts/scraping/out_omr/images/1Rrae5gw.png
INFO  []                      Book 2531 | Stored /book.xml
INFO  []                      Book 2491 | Book stored as out_omr/musicxml/1Rrae5gw.omr
INFO  []                      Book 1933 | Book reaching PAGE on sheets:[#1]
INFO  [1Rrae5gw]            StepMonitoring 98   | LOAD
INFO  [1Rrae5gw]                 SheetStub 1268 | Loaded image #1 2022x245 from /Users/noamshamir/Documents/ind_proj/scripts/scraping/out_omr/images/1Rrae5gw.png
INFO  [1Rrae5gw]            StepMonitoring 98   | BINARY
INFO  [1Rrae5gw]            StepMonitoring 98   | SCALE
INFO  [1Rrae5gw]              ScaleBuilder 241  | Beam  guessed height: 10 -- 0.50 of 21 interline
INFO  [1Rrae5gw]              ScaleBuilder 264  | Beam measured height: 11 -- 0.33 of [6..21] range at 1634% of needed quorum
INFO  [1Rrae5gw]                 ScaleStep 65   | Scale{ interline(20,21,21) line(3,3,3) beam(11)}
INFO  [1Rrae5gw]            StepMonitoring 98   | GRID
INFO  [1Rrae5gw]            LinesRetriever 1500 | Global slope: 0.00000
INFO  [1Rrae5gw]         ClustersRetriever 328  | Retrieved raw line clusters: 1 of sizes [5] with interline(20,21,21)
INFO  [1Rrae5gw]                 PeakGraph 310  | Systems: #1[1]
INFO  [1Rrae5gw]             SystemManager 779  | 1 part along 1 system
INFO  [1Rrae5gw]                      Book 545  | Created scores: [{Score 1}]
INFO  [1Rrae5gw]            StepMonitoring 98   | HEADERS
INFO  [1Rrae5gw]           BasicClassifier 277  | Classifier loaded XML norms.
INFO  [1Rrae5gw]        AbstractClassifier 396  | Classifier data loaded from default uri jar:file:/Applications/Audiveris.app/Contents/app/audiveris.jar!/res/basic-classifier.zip
INFO  [1Rrae5gw]            StepMonitoring 98   | STEM_SEEDS
INFO  [1Rrae5gw]             StemSeedsStep 86   | stem(4 max:5)
INFO  [1Rrae5gw]            StepMonitoring 98   | BEAMS
INFO  [1Rrae5gw]            StepMonitoring 98   | LEDGERS
INFO  [1Rrae5gw]            StepMonitoring 98   | HEADS
INFO  [1Rrae5gw]             HeadSeedTally 235  | Scale information: HeadSeeds{NOTEHEAD_BLACK[L:-0.9,R:-0.8]}
INFO  [1Rrae5gw]            StepMonitoring 98   | STEMS
INFO  [1Rrae5gw]                BeamLinker 1729 | Not linking shorter BeamHookInter#260{(0.390/0.716) BEAM_HOOK}
INFO  [1Rrae5gw]                BeamLinker 1729 | Not linking shorter BeamInter#262{(0.361/0.690) BEAM}
INFO  [1Rrae5gw]                BeamLinker 1729 | Not linking shorter BeamInter#267{(0.529/0.798) BEAM}
INFO  [1Rrae5gw]            StepMonitoring 98   | REDUCTION
INFO  [1Rrae5gw]            StepMonitoring 98   | CUE_BEAMS
INFO  [1Rrae5gw]              CueBeamsStep 81   | Step CUE_BEAMS is skipped because small heads switch is off
INFO  [1Rrae5gw]            StepMonitoring 98   | TEXTS
WARN  [1Rrae5gw]              TesseractOCR 335  | The collection of supported languages is empty
INFO  [1Rrae5gw]                   OcrUtil 106  | Missing support for 'eng' language(s)
INFO  [1Rrae5gw]            StepMonitoring 98   | MEASURES
INFO  [1Rrae5gw]                      Page 307  | 3 raw measures: [3 in system#1]
INFO  [1Rrae5gw]            StepMonitoring 98   | CHORDS
INFO  [1Rrae5gw]            StepMonitoring 98   | CURVES
INFO  [1Rrae5gw]              SlursBuilder 240  | Slurs: 0
INFO  [1Rrae5gw]           SegmentsBuilder 155  | Segments: 3
INFO  [1Rrae5gw]            StepMonitoring 98   | SYMBOLS
INFO  [1Rrae5gw]            StepMonitoring 98   | LINKS
INFO  [1Rrae5gw]            StepMonitoring 98   | RHYTHMS
INFO  [1Rrae5gw]            StepMonitoring 98   | PAGE
INFO  [1Rrae5gw]                      Book 2550 | Book{1Rrae5gw} storing
INFO  [1Rrae5gw]                      Book 2531 | Stored /book.xml
INFO  [1Rrae5gw]                DataHolder 348  | Stored /sheet#1/BINARY.png
INFO  [1Rrae5gw]                     Sheet 1562 | Stored /sheet#1/sheet#1.xml
INFO  [1Rrae5gw]                      Book 2491 | Book stored as out_omr/musicxml/1Rrae5gw.omr
INFO  [1Rrae5gw]                 SheetStub 1644 | Disposed sheet
INFO  [1Rrae5gw]                      Book 2018 | End of Stub#1 memory: 31,269,984
INFO  [1Rrae5gw]                      Book 2025 | Book processed.
INFO  [1Rrae5gw]                 SheetStub 995  | Loaded /sheet#1/sheet#1.xml
INFO  [1Rrae5gw]           PartwiseBuilder 2661 | Exporting sheet(s): [#1]
INFO  [1Rrae5gw]             ScoreExporter 164  | Score 1Rrae5gw exported to out_omr/musicxml/1Rrae5gw.mxl
INFO  [1Rrae5gw]                     Score 181  | Closing {Score 1}
