INFO  []                       CLI 281  | CLI args: [-batch, -export, -output, out_omr/musicxml, out_omr/images/2dU1Y8Ea.png]
INFO  []              TesseractOCR 121  | TESSDATA_PREFIX: null
INFO  []                      Main 416  | Environment:
- Audiveris:    5.7.0:290525b
- OS:           Mac OS X 15.3.2
- Architecture: aarch64
- Java VM:      OpenJDK 64-Bit Server VM (build 24.0.2+12, mixed mode)
- OCR Engine:   Tesseract OCR, version 5.5.1
INFO  []             AliasPatterns 134  | Alias patterns: [(IMSLP[0-9]*)-.*]
INFO  []                      Main 247  | Running in batch mode
WARN  []                 Languages 142  | *** No installed OCR languages ***
INFO  []                      Main 193  | Submitting 1 task(s) in sequence:
    Input "/Users/noamshamir/Documents/ind_proj/scripts/scraping/out_omr/images/2dU1Y8Ea.png"
INFO  [2dU1Y8Ea]                      Book 562  | 1 sheet in /Users/noamshamir/Documents/ind_proj/scripts/scraping/out_omr/images/2dU1Y8Ea.png
INFO  []                      Book 2531 | Stored /book.xml
INFO  []                      Book 2491 | Book stored as out_omr/musicxml/2dU1Y8Ea.omr
INFO  []                      Book 1933 | Book reaching PAGE on sheets:[#1]
INFO  [2dU1Y8Ea]            StepMonitoring 98   | LOAD
INFO  [2dU1Y8Ea]                 SheetStub 1268 | Loaded image #1 2001x269 from /Users/noamshamir/Documents/ind_proj/scripts/scraping/out_omr/images/2dU1Y8Ea.png
INFO  [2dU1Y8Ea]            StepMonitoring 98   | BINARY
INFO  [2dU1Y8Ea]            StepMonitoring 98   | SCALE
INFO  [2dU1Y8Ea]              ScaleBuilder 241  | Beam  guessed height: 10 -- 0.50 of 21 interline
INFO  [2dU1Y8Ea]              ScaleBuilder 264  | Beam measured height: 11 -- 0.33 of [6..21] range at 1541% of needed quorum
INFO  [2dU1Y8Ea]                 ScaleStep 65   | Scale{ interline(20,21,21) line(3,3,3) beam(11)}
INFO  [2dU1Y8Ea]            StepMonitoring 98   | GRID
INFO  [2dU1Y8Ea]            LinesRetriever 1500 | Global slope: 0.00000
INFO  [2dU1Y8Ea]         ClustersRetriever 328  | Retrieved raw line clusters: 1 of sizes [5] with interline(20,21,21)
INFO  [2dU1Y8Ea]                 PeakGraph 310  | Systems: #1[1]
INFO  [2dU1Y8Ea]             SystemManager 779  | 1 part along 1 system
INFO  [2dU1Y8Ea]                      Book 545  | Created scores: [{Score 1}]
INFO  [2dU1Y8Ea]            StepMonitoring 98   | HEADERS
INFO  [2dU1Y8Ea]           BasicClassifier 277  | Classifier loaded XML norms.
INFO  [2dU1Y8Ea]        AbstractClassifier 396  | Classifier data loaded from default uri jar:file:/Applications/Audiveris.app/Contents/app/audiveris.jar!/res/basic-classifier.zip
INFO  [2dU1Y8Ea]            StepMonitoring 98   | STEM_SEEDS
INFO  [2dU1Y8Ea]             StemSeedsStep 86   | stem(4 max:6)
INFO  [2dU1Y8Ea]            StepMonitoring 98   | BEAMS
INFO  [2dU1Y8Ea]            StepMonitoring 98   | LEDGERS
INFO  [2dU1Y8Ea]            StepMonitoring 98   | HEADS
INFO  [2dU1Y8Ea]             HeadSeedTally 235  | Scale information: HeadSeeds{NOTEHEAD_BLACK[L:-0.9]}
INFO  [2dU1Y8Ea]            StepMonitoring 98   | STEMS
INFO  [2dU1Y8Ea]            StepMonitoring 98   | REDUCTION
INFO  [2dU1Y8Ea]            StepMonitoring 98   | CUE_BEAMS
INFO  [2dU1Y8Ea]              CueBeamsStep 81   | Step CUE_BEAMS is skipped because small heads switch is off
INFO  [2dU1Y8Ea]            StepMonitoring 98   | TEXTS
WARN  [2dU1Y8Ea]              TesseractOCR 335  | The collection of supported languages is empty
INFO  [2dU1Y8Ea]                   OcrUtil 106  | Missing support for 'eng' language(s)
INFO  [2dU1Y8Ea]            StepMonitoring 98   | MEASURES
INFO  [2dU1Y8Ea]                      Page 307  | 2 raw measures: [2 in system#1]
INFO  [2dU1Y8Ea]            StepMonitoring 98   | CHORDS
INFO  [2dU1Y8Ea]            StepMonitoring 98   | CURVES
INFO  [2dU1Y8Ea]              SlursBuilder 240  | Slurs: 0
INFO  [2dU1Y8Ea]           SegmentsBuilder 155  | Segments: 5
INFO  [2dU1Y8Ea]            StepMonitoring 98   | SYMBOLS
INFO  [2dU1Y8Ea]            StepMonitoring 98   | LINKS
INFO  [2dU1Y8Ea]            StepMonitoring 98   | RHYTHMS
INFO  [2dU1Y8Ea]             MeasureRhythm 1045 | Measure{#1} No timeOffset for HeadChordInter#1227{(0.955/0.958) staff:1 slot#17 dur:1/16}
INFO  [2dU1Y8Ea]        AbstractChordInter 627  | Measure{#1} No timeOffset for HeadChordInter#1229{(0.958/0.958) staff:1 slot#19 dur:1/16}
INFO  [2dU1Y8Ea]        AbstractChordInter 627  | Measure{#1} No timeOffset for HeadChordInter#1233{(0.963/0.963) staff:1 slot#23 dur:1/16}
INFO  [2dU1Y8Ea]        AbstractChordInter 627  | Measure{#1} No timeOffset for HeadChordInter#1237{(0.925/0.925) staff:1 slot#27 dur:1/16}
INFO  [2dU1Y8Ea]               StackRhythm 224  | S1 MeasureStack#1 no correct rhythm
INFO  [2dU1Y8Ea]            StepMonitoring 98   | PAGE
INFO  [2dU1Y8Ea]                      Book 2550 | Book{2dU1Y8Ea} storing
INFO  [2dU1Y8Ea]                      Book 2531 | Stored /book.xml
INFO  [2dU1Y8Ea]                DataHolder 348  | Stored /sheet#1/BINARY.png
INFO  [2dU1Y8Ea]                     Sheet 1562 | Stored /sheet#1/sheet#1.xml
INFO  [2dU1Y8Ea]                      Book 2491 | Book stored as out_omr/musicxml/2dU1Y8Ea.omr
INFO  [2dU1Y8Ea]                 SheetStub 1644 | Disposed sheet
INFO  [2dU1Y8Ea]                      Book 2018 | End of Stub#1 memory: 31,373,184
INFO  [2dU1Y8Ea]                      Book 2025 | Book processed.
INFO  [2dU1Y8Ea]                 SheetStub 995  | Loaded /sheet#1/sheet#1.xml
INFO  [2dU1Y8Ea]           PartwiseBuilder 2661 | Exporting sheet(s): [#1]
INFO  [2dU1Y8Ea]             ScoreExporter 164  | Score 2dU1Y8Ea exported to out_omr/musicxml/2dU1Y8Ea.mxl
INFO  [2dU1Y8Ea]                     Score 181  | Closing {Score 1}
