INFO  []                       CLI 281  | CLI args: [-batch, -export, -output, out_omr/musicxml, out_omr/images/3kAKxCIN.png]
INFO  []              TesseractOCR 121  | TESSDATA_PREFIX: null
INFO  []                      Main 416  | Environment:
- Audiveris:    5.7.0:290525b
- OS:           Mac OS X 15.3.2
- Architecture: aarch64
- Java VM:      OpenJDK 64-Bit Server VM (build 24.0.2+12, mixed mode)
- OCR Engine:   Tesseract OCR, version 5.5.1
INFO  []             AliasPatterns 134  | Alias patterns: [(IMSLP[0-9]*)-.*]
INFO  []                      Main 247  | Running in batch mode
WARN  []                 Languages 142  | *** No installed OCR languages ***
INFO  []                      Main 193  | Submitting 1 task(s) in sequence:
    Input "/Users/noamshamir/Documents/ind_proj/scripts/scraping/out_omr/images/3kAKxCIN.png"
INFO  [3kAKxCIN]                      Book 562  | 1 sheet in /Users/noamshamir/Documents/ind_proj/scripts/scraping/out_omr/images/3kAKxCIN.png
INFO  []                      Book 2531 | Stored /book.xml
INFO  []                      Book 2491 | Book stored as out_omr/musicxml/3kAKxCIN.omr
INFO  []                      Book 1933 | Book reaching PAGE on sheets:[#1]
INFO  [3kAKxCIN]            StepMonitoring 98   | LOAD
INFO  [3kAKxCIN]                 SheetStub 1268 | Loaded image #1 1970x245 from /Users/noamshamir/Documents/ind_proj/scripts/scraping/out_omr/images/3kAKxCIN.png
INFO  [3kAKxCIN]            StepMonitoring 98   | BINARY
INFO  [3kAKxCIN]            StepMonitoring 98   | SCALE
INFO  [3kAKxCIN]              ScaleBuilder 241  | Beam  guessed height: 10 -- 0.50 of 21 interline
INFO  [3kAKxCIN]              ScaleBuilder 264  | Beam measured height: 11 -- 0.33 of [6..21] range at 849% of needed quorum
INFO  [3kAKxCIN]                 ScaleStep 65   | Scale{ interline(20,21,21) line(3,3,3) beam(11)}
INFO  [3kAKxCIN]            StepMonitoring 98   | GRID
INFO  [3kAKxCIN]            LinesRetriever 1500 | Global slope: 0.00000
INFO  [3kAKxCIN]         ClustersRetriever 328  | Retrieved raw line clusters: 1 of sizes [5] with interline(20,21,21)
INFO  [3kAKxCIN]                 PeakGraph 310  | Systems: #1[1]
INFO  [3kAKxCIN]             SystemManager 779  | 1 part along 1 system
INFO  [3kAKxCIN]                      Book 545  | Created scores: [{Score 1}]
INFO  [3kAKxCIN]            StepMonitoring 98   | HEADERS
INFO  [3kAKxCIN]           BasicClassifier 277  | Classifier loaded XML norms.
INFO  [3kAKxCIN]        AbstractClassifier 396  | Classifier data loaded from default uri jar:file:/Applications/Audiveris.app/Contents/app/audiveris.jar!/res/basic-classifier.zip
INFO  [3kAKxCIN]            StepMonitoring 98   | STEM_SEEDS
INFO  [3kAKxCIN]             StemSeedsStep 86   | stem(4 max:5)
INFO  [3kAKxCIN]            StepMonitoring 98   | BEAMS
INFO  [3kAKxCIN]            StepMonitoring 98   | LEDGERS
INFO  [3kAKxCIN]            StepMonitoring 98   | HEADS
INFO  [3kAKxCIN]             HeadSeedTally 235  | Scale information: HeadSeeds{NOTEHEAD_BLACK[L:-0.5,R:-0.8]}
INFO  [3kAKxCIN]            StepMonitoring 98   | STEMS
INFO  [3kAKxCIN]            StepMonitoring 98   | REDUCTION
INFO  [3kAKxCIN]             ReductionStep 105  | Stems free length median value: 74 pixels, 3.5 interlines
INFO  [3kAKxCIN]            StepMonitoring 98   | CUE_BEAMS
INFO  [3kAKxCIN]              CueBeamsStep 81   | Step CUE_BEAMS is skipped because small heads switch is off
INFO  [3kAKxCIN]            StepMonitoring 98   | TEXTS
WARN  [3kAKxCIN]              TesseractOCR 335  | The collection of supported languages is empty
INFO  [3kAKxCIN]                   OcrUtil 106  | Missing support for 'eng' language(s)
INFO  [3kAKxCIN]            StepMonitoring 98   | MEASURES
INFO  [3kAKxCIN]                      Page 307  | 3 raw measures: [3 in system#1]
INFO  [3kAKxCIN]            StepMonitoring 98   | CHORDS
INFO  [3kAKxCIN]            StepMonitoring 98   | CURVES
INFO  [3kAKxCIN]              SlursBuilder 240  | Slurs: 0
INFO  [3kAKxCIN]           SegmentsBuilder 155  | Segments: 7
INFO  [3kAKxCIN]            StepMonitoring 98   | SYMBOLS
INFO  [3kAKxCIN]            StepMonitoring 98   | LINKS
INFO  [3kAKxCIN]            StepMonitoring 98   | RHYTHMS
INFO  [3kAKxCIN]             MeasureRhythm 1045 | Measure{#2} No timeOffset for HeadChordInter#717{(0.570/0.570) staff:1 slot#9 dur:1/2}
INFO  [3kAKxCIN]        AbstractChordInter 627  | Measure{#2} No timeOffset for HeadChordInter#717{(0.570/0.570) staff:1 slot#9 dur:1/2}
INFO  [3kAKxCIN]        AbstractChordInter 627  | Measure{#2} No timeOffset for HeadChordInter#718{(0.940/0.940) staff:1 slot#10 dur:1/4}
INFO  [3kAKxCIN]        AbstractChordInter 627  | Measure{#2} No timeOffset for HeadChordInter#719{(0.949/0.949) staff:1 slot#11 dur:1/4}
INFO  [3kAKxCIN]        AbstractChordInter 627  | Measure{#2} No timeOffset for HeadChordInter#720{(0.957/0.957) staff:1 slot#12 dur:1/4}
INFO  [3kAKxCIN]        AbstractChordInter 627  | Measure{#2} No timeOffset for HeadChordInter#721{(0.961/0.961) staff:1 slot#13 dur:1/4}
INFO  [3kAKxCIN]        AbstractChordInter 627  | Measure{#2} No timeOffset for HeadChordInter#725{(0.966/0.966) staff:1 slot#17 dur:1/16}
INFO  [3kAKxCIN]               StackRhythm 224  | S1 MeasureStack#2 no correct rhythm
INFO  [3kAKxCIN]            StepMonitoring 98   | PAGE
INFO  [3kAKxCIN]                      Book 2550 | Book{3kAKxCIN} storing
INFO  [3kAKxCIN]                      Book 2531 | Stored /book.xml
INFO  [3kAKxCIN]                DataHolder 348  | Stored /sheet#1/BINARY.png
INFO  [3kAKxCIN]                     Sheet 1562 | Stored /sheet#1/sheet#1.xml
INFO  [3kAKxCIN]                      Book 2491 | Book stored as out_omr/musicxml/3kAKxCIN.omr
INFO  [3kAKxCIN]                 SheetStub 1644 | Disposed sheet
INFO  [3kAKxCIN]                      Book 2018 | End of Stub#1 memory: 31,622,032
INFO  [3kAKxCIN]                      Book 2025 | Book processed.
INFO  [3kAKxCIN]                 SheetStub 995  | Loaded /sheet#1/sheet#1.xml
INFO  [3kAKxCIN]           PartwiseBuilder 2661 | Exporting sheet(s): [#1]
INFO  [3kAKxCIN]             ScoreExporter 164  | Score 3kAKxCIN exported to out_omr/musicxml/3kAKxCIN.mxl
INFO  [3kAKxCIN]                     Score 181  | Closing {Score 1}
