INFO  []                       CLI 281  | CLI args: [-batch, -export, -output, out_omr/musicxml, out_omr/images/6giCHlQb.png]
INFO  []              TesseractOCR 121  | TESSDATA_PREFIX: null
INFO  []                      Main 416  | Environment:
- Audiveris:    5.7.0:290525b
- OS:           Mac OS X 15.3.2
- Architecture: aarch64
- Java VM:      OpenJDK 64-Bit Server VM (build 24.0.2+12, mixed mode)
- OCR Engine:   Tesseract OCR, version 5.5.1
INFO  []             AliasPatterns 134  | Alias patterns: [(IMSLP[0-9]*)-.*]
INFO  []                      Main 247  | Running in batch mode
WARN  []                 Languages 142  | *** No installed OCR languages ***
INFO  []                      Main 193  | Submitting 1 task(s) in sequence:
    Input "/Users/noamshamir/Documents/ind_proj/scripts/scraping/out_omr/images/6giCHlQb.png"
INFO  [6giCHlQb]                      Book 562  | 1 sheet in /Users/noamshamir/Documents/ind_proj/scripts/scraping/out_omr/images/6giCHlQb.png
INFO  []                      Book 2531 | Stored /book.xml
INFO  []                      Book 2491 | Book stored as out_omr/musicxml/6giCHlQb.omr
INFO  []                      Book 1933 | Book reaching PAGE on sheets:[#1]
INFO  [6giCHlQb]            StepMonitoring 98   | LOAD
INFO  [6giCHlQb]                 SheetStub 1268 | Loaded image #1 1970x245 from /Users/noamshamir/Documents/ind_proj/scripts/scraping/out_omr/images/6giCHlQb.png
INFO  [6giCHlQb]            StepMonitoring 98   | BINARY
INFO  [6giCHlQb]            StepMonitoring 98   | SCALE
INFO  [6giCHlQb]              ScaleBuilder 241  | Beam  guessed height: 10 -- 0.50 of 21 interline
INFO  [6giCHlQb]              ScaleBuilder 264  | Beam measured height: 11 -- 0.33 of [6..21] range at 479% of needed quorum
INFO  [6giCHlQb]                 ScaleStep 65   | Scale{ interline(20,21,21) line(3,3,5) beam(11)}
INFO  [6giCHlQb]            StepMonitoring 98   | GRID
INFO  [6giCHlQb]            LinesRetriever 1500 | Global slope: 0.00000
INFO  [6giCHlQb]         ClustersRetriever 328  | Retrieved raw line clusters: 1 of sizes [5] with interline(20,21,21)
INFO  [6giCHlQb]                 PeakGraph 310  | Systems: #1[1]
INFO  [6giCHlQb]             SystemManager 779  | 1 part along 1 system
INFO  [6giCHlQb]                      Book 545  | Created scores: [{Score 1}]
INFO  [6giCHlQb]            StepMonitoring 98   | HEADERS
INFO  [6giCHlQb]           BasicClassifier 277  | Classifier loaded XML norms.
INFO  [6giCHlQb]        AbstractClassifier 396  | Classifier data loaded from default uri jar:file:/Applications/Audiveris.app/Contents/app/audiveris.jar!/res/basic-classifier.zip
INFO  [6giCHlQb]            StepMonitoring 98   | STEM_SEEDS
INFO  [6giCHlQb]             StemSeedsStep 86   | stem(4 max:5)
INFO  [6giCHlQb]            StepMonitoring 98   | BEAMS
INFO  [6giCHlQb]            StepMonitoring 98   | LEDGERS
INFO  [6giCHlQb]            StepMonitoring 98   | HEADS
INFO  [6giCHlQb]             HeadSeedTally 235  | Scale information: HeadSeeds{NOTEHEAD_BLACK[L:-0.7]}
INFO  [6giCHlQb]            StepMonitoring 98   | STEMS
INFO  [6giCHlQb]            StepMonitoring 98   | REDUCTION
INFO  [6giCHlQb]             ReductionStep 105  | Stems free length median value: 73 pixels, 3.5 interlines
INFO  [6giCHlQb]            StepMonitoring 98   | CUE_BEAMS
INFO  [6giCHlQb]              CueBeamsStep 81   | Step CUE_BEAMS is skipped because small heads switch is off
INFO  [6giCHlQb]            StepMonitoring 98   | TEXTS
WARN  [6giCHlQb]              TesseractOCR 335  | The collection of supported languages is empty
INFO  [6giCHlQb]                   OcrUtil 106  | Missing support for 'eng' language(s)
INFO  [6giCHlQb]            StepMonitoring 98   | MEASURES
INFO  [6giCHlQb]                      Page 307  | 3 raw measures: [3 in system#1]
INFO  [6giCHlQb]            StepMonitoring 98   | CHORDS
INFO  [6giCHlQb]            StepMonitoring 98   | CURVES
INFO  [6giCHlQb]              SlursBuilder 240  | Slurs: 0
INFO  [6giCHlQb]           SegmentsBuilder 155  | Segments: 5
INFO  [6giCHlQb]            StepMonitoring 98   | SYMBOLS
INFO  [6giCHlQb]            StepMonitoring 98   | LINKS
INFO  [6giCHlQb]            StepMonitoring 98   | RHYTHMS
INFO  [6giCHlQb]             MeasureRhythm 1045 | Measure{#1} No timeOffset for HeadChordInter#591{(0.944/0.944) staff:1 slot#6 dur:1/8}
INFO  [6giCHlQb]        AbstractChordInter 627  | Measure{#1} No timeOffset for HeadChordInter#592{(0.949/0.949) staff:1 slot#7 dur:1/8}
INFO  [6giCHlQb]        AbstractChordInter 627  | Measure{#1} No timeOffset for HeadChordInter#594{(0.952/0.952) staff:1 slot#9 dur:1/8}
INFO  [6giCHlQb]               StackRhythm 224  | S1 MeasureStack#1 no correct rhythm
INFO  [6giCHlQb]             MeasureRhythm 1045 | Measure{#2} No timeOffset for HeadChordInter#600{(0.941/0.941) staff:1 slot#5 dur:1/12}
INFO  [6giCHlQb]        AbstractChordInter 627  | Measure{#2} No timeOffset for HeadChordInter#602{(0.950/0.950) staff:1 slot#7 dur:1/12}
INFO  [6giCHlQb]        AbstractChordInter 627  | Measure{#2} No timeOffset for HeadChordInter#604{(0.944/0.944) staff:1 slot#9 dur:1/8}
INFO  [6giCHlQb]               StackRhythm 224  | S1 MeasureStack#2 no correct rhythm
INFO  [6giCHlQb]             MeasureRhythm 1045 | Measure{#3} No timeOffset for HeadChordInter#611{(0.939/0.939) staff:1 slot#5 dur:1/4}
INFO  [6giCHlQb]        AbstractChordInter 627  | Measure{#3} No timeOffset for HeadChordInter#611{(0.939/0.939) staff:1 slot#5 dur:1/4}
INFO  [6giCHlQb]               StackRhythm 224  | S1 MeasureStack#3 no correct rhythm
INFO  [6giCHlQb]            StepMonitoring 98   | PAGE
INFO  [6giCHlQb]                      Book 2550 | Book{6giCHlQb} storing
INFO  [6giCHlQb]                      Book 2531 | Stored /book.xml
INFO  [6giCHlQb]                DataHolder 348  | Stored /sheet#1/BINARY.png
INFO  [6giCHlQb]                     Sheet 1562 | Stored /sheet#1/sheet#1.xml
INFO  [6giCHlQb]                      Book 2491 | Book stored as out_omr/musicxml/6giCHlQb.omr
INFO  [6giCHlQb]                 SheetStub 1644 | Disposed sheet
INFO  [6giCHlQb]                      Book 2018 | End of Stub#1 memory: 31,474,392
INFO  [6giCHlQb]                      Book 2025 | Book processed.
INFO  [6giCHlQb]                 SheetStub 995  | Loaded /sheet#1/sheet#1.xml
INFO  [6giCHlQb]           PartwiseBuilder 2661 | Exporting sheet(s): [#1]
INFO  [6giCHlQb]             ScoreExporter 164  | Score 6giCHlQb exported to out_omr/musicxml/6giCHlQb.mxl
INFO  [6giCHlQb]                     Score 181  | Closing {Score 1}
