INFO  []                       CLI 281  | CLI args: [-batch, -export, -output, out_omr/musicxml, out_omr/images/8ANaXhnd.png]
INFO  []              TesseractOCR 121  | TESSDATA_PREFIX: null
INFO  []                      Main 416  | Environment:
- Audiveris:    5.7.0:290525b
- OS:           Mac OS X 15.3.2
- Architecture: aarch64
- Java VM:      OpenJDK 64-Bit Server VM (build 24.0.2+12, mixed mode)
- OCR Engine:   Tesseract OCR, version 5.5.1
INFO  []             AliasPatterns 134  | Alias patterns: [(IMSLP[0-9]*)-.*]
INFO  []                      Main 247  | Running in batch mode
WARN  []                 Languages 142  | *** No installed OCR languages ***
INFO  []                      Main 193  | Submitting 1 task(s) in sequence:
    Input "/Users/noamshamir/Documents/ind_proj/scripts/scraping/out_omr/images/8ANaXhnd.png"
INFO  [8ANaXhnd]                      Book 562  | 1 sheet in /Users/noamshamir/Documents/ind_proj/scripts/scraping/out_omr/images/8ANaXhnd.png
2025-09-10 00:06:02.620 Audiveris[48109:1203119] +[IMKClient subclass]: chose IMKClient_Modern
2025-09-10 00:06:02.620 Audiveris[48109:1203119] +[IMKInputSession subclass]: chose IMKInputSession_Modern
INFO  []                      Book 2531 | Stored /book.xml
INFO  []                      Book 2491 | Book stored as out_omr/musicxml/8ANaXhnd.omr
INFO  []                      Book 1933 | Book reaching PAGE on sheets:[#1]
INFO  [8ANaXhnd]            StepMonitoring 98   | LOAD
INFO  [8ANaXhnd]                 SheetStub 1268 | Loaded image #1 1970x260 from /Users/noamshamir/Documents/ind_proj/scripts/scraping/out_omr/images/8ANaXhnd.png
INFO  [8ANaXhnd]            StepMonitoring 98   | BINARY
INFO  [8ANaXhnd]            StepMonitoring 98   | SCALE
INFO  [8ANaXhnd]              ScaleBuilder 241  | Beam  guessed height: 10 -- 0.50 of 21 interline
INFO  [8ANaXhnd]              ScaleBuilder 264  | Beam measured height: 11 -- 0.33 of [6..21] range at 706% of needed quorum
INFO  [8ANaXhnd]                 ScaleStep 65   | Scale{ interline(20,21,21) line(3,3,3) beam(11)}
INFO  [8ANaXhnd]            StepMonitoring 98   | GRID
INFO  [8ANaXhnd]            LinesRetriever 1500 | Global slope: 0.00000
INFO  [8ANaXhnd]         ClustersRetriever 328  | Retrieved raw line clusters: 1 of sizes [5] with interline(20,21,21)
INFO  [8ANaXhnd]                 PeakGraph 310  | Systems: #1[1]
INFO  [8ANaXhnd]             SystemManager 779  | 1 part along 1 system
INFO  [8ANaXhnd]                      Book 545  | Created scores: [{Score 1}]
INFO  [8ANaXhnd]            StepMonitoring 98   | HEADERS
INFO  [8ANaXhnd]           BasicClassifier 277  | Classifier loaded XML norms.
INFO  [8ANaXhnd]        AbstractClassifier 396  | Classifier data loaded from default uri jar:file:/Applications/Audiveris.app/Contents/app/audiveris.jar!/res/basic-classifier.zip
INFO  [8ANaXhnd]            StepMonitoring 98   | STEM_SEEDS
INFO  [8ANaXhnd]             StemSeedsStep 86   | stem(4 max:5)
INFO  [8ANaXhnd]            StepMonitoring 98   | BEAMS
INFO  [8ANaXhnd]            StepMonitoring 98   | LEDGERS
INFO  [8ANaXhnd]            StepMonitoring 98   | HEADS
INFO  [8ANaXhnd]             HeadSeedTally 235  | Scale information: HeadSeeds{NOTEHEAD_BLACK[L:0.5]}
INFO  [8ANaXhnd]            StepMonitoring 98   | STEMS
INFO  [8ANaXhnd]            StepMonitoring 98   | REDUCTION
INFO  [8ANaXhnd]             ReductionStep 105  | Stems free length median value: 33 pixels, 1.6 interlines
INFO  [8ANaXhnd]            StepMonitoring 98   | CUE_BEAMS
INFO  [8ANaXhnd]              CueBeamsStep 81   | Step CUE_BEAMS is skipped because small heads switch is off
INFO  [8ANaXhnd]            StepMonitoring 98   | TEXTS
WARN  [8ANaXhnd]              TesseractOCR 335  | The collection of supported languages is empty
INFO  [8ANaXhnd]                   OcrUtil 106  | Missing support for 'eng' language(s)
INFO  [8ANaXhnd]            StepMonitoring 98   | MEASURES
INFO  [8ANaXhnd]                      Page 307  | 3 raw measures: [3 in system#1]
INFO  [8ANaXhnd]            StepMonitoring 98   | CHORDS
INFO  [8ANaXhnd]            StepMonitoring 98   | CURVES
INFO  [8ANaXhnd]              SlursBuilder 240  | Slurs: 1
INFO  [8ANaXhnd]           SegmentsBuilder 155  | Segments: 2
INFO  [8ANaXhnd]            StepMonitoring 98   | SYMBOLS
INFO  [8ANaXhnd]            StepMonitoring 98   | LINKS
INFO  [8ANaXhnd]            StepMonitoring 98   | RHYTHMS
INFO  [8ANaXhnd]             MeasureRhythm 1045 | Measure{#2} No timeOffset for HeadChordInter#575{(0.952/0.952) staff:1 slot#6 dur:1/8}
INFO  [8ANaXhnd]               StackRhythm 224  | S1 MeasureStack#2 no correct rhythm
INFO  [8ANaXhnd]            StepMonitoring 98   | PAGE
INFO  [8ANaXhnd]                      Book 2550 | Book{8ANaXhnd} storing
INFO  [8ANaXhnd]                      Book 2531 | Stored /book.xml
INFO  [8ANaXhnd]                DataHolder 348  | Stored /sheet#1/BINARY.png
INFO  [8ANaXhnd]                     Sheet 1562 | Stored /sheet#1/sheet#1.xml
INFO  [8ANaXhnd]                      Book 2491 | Book stored as out_omr/musicxml/8ANaXhnd.omr
INFO  [8ANaXhnd]                 SheetStub 1644 | Disposed sheet
INFO  [8ANaXhnd]                      Book 2018 | End of Stub#1 memory: 31,456,464
INFO  [8ANaXhnd]                      Book 2025 | Book processed.
INFO  [8ANaXhnd]                 SheetStub 995  | Loaded /sheet#1/sheet#1.xml
INFO  [8ANaXhnd]           PartwiseBuilder 2661 | Exporting sheet(s): [#1]
INFO  [8ANaXhnd]             ScoreExporter 164  | Score 8ANaXhnd exported to out_omr/musicxml/8ANaXhnd.mxl
INFO  [8ANaXhnd]                     Score 181  | Closing {Score 1}
