INFO  []                       CLI 281  | CLI args: [-batch, -export, -output, out_omr/musicxml, out_omr/images/a54tXVOt.png]
INFO  []              TesseractOCR 121  | TESSDATA_PREFIX: null
INFO  []                      Main 416  | Environment:
- Audiveris:    5.7.0:290525b
- OS:           Mac OS X 15.3.2
- Architecture: aarch64
- Java VM:      OpenJDK 64-Bit Server VM (build 24.0.2+12, mixed mode)
- OCR Engine:   Tesseract OCR, version 5.5.1
INFO  []             AliasPatterns 134  | Alias patterns: [(IMSLP[0-9]*)-.*]
INFO  []                      Main 247  | Running in batch mode
WARN  []                 Languages 142  | *** No installed OCR languages ***
INFO  []                      Main 193  | Submitting 1 task(s) in sequence:
    Input "/Users/noamshamir/Documents/ind_proj/scripts/scraping/out_omr/images/a54tXVOt.png"
INFO  [a54tXVOt]                      Book 562  | 1 sheet in /Users/noamshamir/Documents/ind_proj/scripts/scraping/out_omr/images/a54tXVOt.png
INFO  []                      Book 2531 | Stored /book.xml
INFO  []                      Book 2491 | Book stored as out_omr/musicxml/a54tXVOt.omr
INFO  []                      Book 1933 | Book reaching PAGE on sheets:[#1]
INFO  [a54tXVOt]            StepMonitoring 98   | LOAD
INFO  [a54tXVOt]                 SheetStub 1268 | Loaded image #1 1970x215 from /Users/noamshamir/Documents/ind_proj/scripts/scraping/out_omr/images/a54tXVOt.png
INFO  [a54tXVOt]            StepMonitoring 98   | BINARY
INFO  [a54tXVOt]            StepMonitoring 98   | SCALE
INFO  [a54tXVOt]              ScaleBuilder 241  | Beam  guessed height: 10 -- 0.50 of 21 interline
INFO  [a54tXVOt]              ScaleBuilder 264  | Beam measured height: 11 -- 0.33 of [6..21] range at 599% of needed quorum
INFO  [a54tXVOt]                 ScaleStep 65   | Scale{ interline(20,21,21) line(3,3,5) beam(11)}
INFO  [a54tXVOt]            StepMonitoring 98   | GRID
INFO  [a54tXVOt]            LinesRetriever 1500 | Global slope: 0.00000
INFO  [a54tXVOt]         ClustersRetriever 328  | Retrieved raw line clusters: 1 of sizes [5] with interline(20,21,21)
INFO  [a54tXVOt]                 PeakGraph 310  | Systems: #1[1]
INFO  [a54tXVOt]             SystemManager 779  | 1 part along 1 system
INFO  [a54tXVOt]                      Book 545  | Created scores: [{Score 1}]
INFO  [a54tXVOt]            StepMonitoring 98   | HEADERS
INFO  [a54tXVOt]           BasicClassifier 277  | Classifier loaded XML norms.
INFO  [a54tXVOt]        AbstractClassifier 396  | Classifier data loaded from default uri jar:file:/Applications/Audiveris.app/Contents/app/audiveris.jar!/res/basic-classifier.zip
INFO  [a54tXVOt]            StepMonitoring 98   | STEM_SEEDS
INFO  [a54tXVOt]             StemSeedsStep 86   | stem(4 max:5)
INFO  [a54tXVOt]            StepMonitoring 98   | BEAMS
INFO  [a54tXVOt]            StepMonitoring 98   | LEDGERS
INFO  [a54tXVOt]            StepMonitoring 98   | HEADS
INFO  [a54tXVOt]             HeadSeedTally 235  | Scale information: HeadSeeds{NOTEHEAD_BLACK[L:-0.7,R:-0.6]}
INFO  [a54tXVOt]            StepMonitoring 98   | STEMS
INFO  [a54tXVOt]            StepMonitoring 98   | REDUCTION
INFO  [a54tXVOt]             ReductionStep 105  | Stems free length median value: 74 pixels, 3.5 interlines
INFO  [a54tXVOt]            StepMonitoring 98   | CUE_BEAMS
INFO  [a54tXVOt]              CueBeamsStep 81   | Step CUE_BEAMS is skipped because small heads switch is off
INFO  [a54tXVOt]            StepMonitoring 98   | TEXTS
WARN  [a54tXVOt]              TesseractOCR 335  | The collection of supported languages is empty
INFO  [a54tXVOt]                   OcrUtil 106  | Missing support for 'eng' language(s)
INFO  [a54tXVOt]            StepMonitoring 98   | MEASURES
INFO  [a54tXVOt]                      Page 307  | 5 raw measures: [5 in system#1]
INFO  [a54tXVOt]            StepMonitoring 98   | CHORDS
INFO  [a54tXVOt]            StepMonitoring 98   | CURVES
INFO  [a54tXVOt]              SlursBuilder 240  | Slurs: 0
INFO  [a54tXVOt]           SegmentsBuilder 155  | Segments: 0
INFO  [a54tXVOt]            StepMonitoring 98   | SYMBOLS
INFO  [a54tXVOt]            StepMonitoring 98   | LINKS
INFO  [a54tXVOt]            StepMonitoring 98   | RHYTHMS
INFO  [a54tXVOt]             MeasureRhythm 1045 | Measure{#2} No timeOffset for HeadChordInter#700{(0.952/0.952) staff:1 slot#5 dur:1/8}
INFO  [a54tXVOt]        AbstractChordInter 627  | Measure{#2} No timeOffset for HeadChordInter#701{(0.956/0.956) staff:1 slot#6 dur:1/8}
INFO  [a54tXVOt]        AbstractChordInter 627  | Measure{#2} No timeOffset for HeadChordInter#703{(0.929/0.929) staff:1 slot#8 dur:1/8}
INFO  [a54tXVOt]               StackRhythm 224  | S1 MeasureStack#2 no correct rhythm
INFO  [a54tXVOt]             MeasureRhythm 1045 | Measure{#3} No timeOffset for HeadChordInter#707{(0.962/0.962) staff:1 slot#5 dur:1/12}
INFO  [a54tXVOt]        AbstractChordInter 627  | Measure{#3} No timeOffset for HeadChordInter#709{(0.950/0.950) staff:1 slot#7 dur:1/12}
INFO  [a54tXVOt]        AbstractChordInter 627  | Measure{#3} No timeOffset for HeadChordInter#711{(0.950/0.950) staff:1 slot#9 dur:1/8}
INFO  [a54tXVOt]               StackRhythm 224  | S1 MeasureStack#3 no correct rhythm
INFO  [a54tXVOt]             MeasureRhythm 1045 | Measure{#4} No timeOffset for RestChordInter#886{(0.800/0.800) staff:1 slot#2 dur:1/8}
INFO  [a54tXVOt]        AbstractChordInter 627  | Measure{#4} No timeOffset for RestChordInter#886{(0.800/0.800) staff:1 slot#2 dur:1/8}
INFO  [a54tXVOt]        AbstractChordInter 627  | Measure{#4} No timeOffset for HeadChordInter#716{(0.952/0.952) staff:1 slot#3 dur:1/8}
INFO  [a54tXVOt]        AbstractChordInter 627  | Measure{#4} No timeOffset for HeadChordInter#718{(0.956/0.956) staff:1 slot#5 dur:1/8}
INFO  [a54tXVOt]               StackRhythm 224  | S1 MeasureStack#4 no correct rhythm
INFO  [a54tXVOt]             MeasureRhythm 1045 | Measure{#5} No timeOffset for RestChordInter#887{(0.800/0.800) staff:1 slot#2 dur:1/2}
INFO  [a54tXVOt]                     Voice 257  | Measure{#5} Voice{#1 excess:1/4} too long
INFO  [a54tXVOt]               StackRhythm 224  | S1 MeasureStack#5 no correct rhythm
INFO  [a54tXVOt]            StepMonitoring 98   | PAGE
INFO  [a54tXVOt]                     Voice 257  | Measure{#5} Voice{#1 excess:1/4} too long
INFO  [a54tXVOt]                      Book 2550 | Book{a54tXVOt} storing
INFO  [a54tXVOt]                      Book 2531 | Stored /book.xml
INFO  [a54tXVOt]                DataHolder 348  | Stored /sheet#1/BINARY.png
INFO  [a54tXVOt]                     Sheet 1562 | Stored /sheet#1/sheet#1.xml
INFO  [a54tXVOt]                      Book 2491 | Book stored as out_omr/musicxml/a54tXVOt.omr
INFO  [a54tXVOt]                 SheetStub 1644 | Disposed sheet
INFO  [a54tXVOt]                      Book 2018 | End of Stub#1 memory: 31,430,032
INFO  [a54tXVOt]                      Book 2025 | Book processed.
INFO  [a54tXVOt]                 SheetStub 995  | Loaded /sheet#1/sheet#1.xml
INFO  [a54tXVOt]           PartwiseBuilder 2661 | Exporting sheet(s): [#1]
INFO  [a54tXVOt]             ScoreExporter 164  | Score a54tXVOt exported to out_omr/musicxml/a54tXVOt.mxl
INFO  [a54tXVOt]                     Score 181  | Closing {Score 1}
