INFO  []                       CLI 281  | CLI args: [-batch, -export, -output, out_omr/musicxml, out_omr/images/al2Aqrg5.png]
INFO  []              TesseractOCR 121  | TESSDATA_PREFIX: null
INFO  []                      Main 416  | Environment:
- Audiveris:    5.7.0:290525b
- OS:           Mac OS X 15.3.2
- Architecture: aarch64
- Java VM:      OpenJDK 64-Bit Server VM (build 24.0.2+12, mixed mode)
- OCR Engine:   Tesseract OCR, version 5.5.1
INFO  []             AliasPatterns 134  | Alias patterns: [(IMSLP[0-9]*)-.*]
INFO  []                      Main 247  | Running in batch mode
WARN  []                 Languages 142  | *** No installed OCR languages ***
INFO  []                      Main 193  | Submitting 1 task(s) in sequence:
    Input "/Users/noamshamir/Documents/ind_proj/scripts/scraping/out_omr/images/al2Aqrg5.png"
INFO  [al2Aqrg5]                      Book 562  | 1 sheet in /Users/noamshamir/Documents/ind_proj/scripts/scraping/out_omr/images/al2Aqrg5.png
INFO  []                      Book 2531 | Stored /book.xml
INFO  []                      Book 2491 | Book stored as out_omr/musicxml/al2Aqrg5.omr
INFO  []                      Book 1933 | Book reaching PAGE on sheets:[#1]
INFO  [al2Aqrg5]            StepMonitoring 98   | LOAD
INFO  [al2Aqrg5]                 SheetStub 1268 | Loaded image #1 1970x256 from /Users/noamshamir/Documents/ind_proj/scripts/scraping/out_omr/images/al2Aqrg5.png
INFO  [al2Aqrg5]            StepMonitoring 98   | BINARY
INFO  [al2Aqrg5]            StepMonitoring 98   | SCALE
INFO  [al2Aqrg5]              ScaleBuilder 241  | Beam  guessed height: 10 -- 0.50 of 21 interline
INFO  [al2Aqrg5]              ScaleBuilder 264  | Beam measured height: 11 -- 0.33 of [6..21] range at 581% of needed quorum
INFO  [al2Aqrg5]                 ScaleStep 65   | Scale{ interline(20,21,21) line(3,3,5) beam(11)}
INFO  [al2Aqrg5]            StepMonitoring 98   | GRID
INFO  [al2Aqrg5]            LinesRetriever 1500 | Global slope: 0.00000
INFO  [al2Aqrg5]         ClustersRetriever 328  | Retrieved raw line clusters: 1 of sizes [5] with interline(20,21,21)
INFO  [al2Aqrg5]                 PeakGraph 310  | Systems: #1[1]
INFO  [al2Aqrg5]             SystemManager 779  | 1 part along 1 system
INFO  [al2Aqrg5]                      Book 545  | Created scores: [{Score 1}]
INFO  [al2Aqrg5]            StepMonitoring 98   | HEADERS
INFO  [al2Aqrg5]           BasicClassifier 277  | Classifier loaded XML norms.
INFO  [al2Aqrg5]        AbstractClassifier 396  | Classifier data loaded from default uri jar:file:/Applications/Audiveris.app/Contents/app/audiveris.jar!/res/basic-classifier.zip
INFO  [al2Aqrg5]            StepMonitoring 98   | STEM_SEEDS
INFO  [al2Aqrg5]             StemSeedsStep 86   | stem(4 max:5)
INFO  [al2Aqrg5]            StepMonitoring 98   | BEAMS
INFO  [al2Aqrg5]            StepMonitoring 98   | LEDGERS
INFO  [al2Aqrg5]            StepMonitoring 98   | HEADS
INFO  [al2Aqrg5]             HeadSeedTally 235  | Scale information: HeadSeeds{NOTEHEAD_BLACK[L:-0.9,R:-0.7]}
INFO  [al2Aqrg5]            StepMonitoring 98   | STEMS
INFO  [al2Aqrg5]            StepMonitoring 98   | REDUCTION
INFO  [al2Aqrg5]             ReductionStep 105  | Stems free length median value: 70 pixels, 3.3 interlines
INFO  [al2Aqrg5]            StepMonitoring 98   | CUE_BEAMS
INFO  [al2Aqrg5]              CueBeamsStep 81   | Step CUE_BEAMS is skipped because small heads switch is off
INFO  [al2Aqrg5]            StepMonitoring 98   | TEXTS
WARN  [al2Aqrg5]              TesseractOCR 335  | The collection of supported languages is empty
INFO  [al2Aqrg5]                   OcrUtil 106  | Missing support for 'eng' language(s)
INFO  [al2Aqrg5]            StepMonitoring 98   | MEASURES
INFO  [al2Aqrg5]                      Page 307  | 4 raw measures: [4 in system#1]
INFO  [al2Aqrg5]            StepMonitoring 98   | CHORDS
INFO  [al2Aqrg5]            StepMonitoring 98   | CURVES
INFO  [al2Aqrg5]              SlursBuilder 240  | Slurs: 0
INFO  [al2Aqrg5]           SegmentsBuilder 155  | Segments: 0
INFO  [al2Aqrg5]            StepMonitoring 98   | SYMBOLS
INFO  [al2Aqrg5]            StepMonitoring 98   | LINKS
INFO  [al2Aqrg5]            StepMonitoring 98   | RHYTHMS
INFO  [al2Aqrg5]             MeasureRhythm 1045 | Measure{#2} No timeOffset for HeadChordInter#667{(0.956/0.956) staff:1 slot#5 dur:1/12}
INFO  [al2Aqrg5]        AbstractChordInter 627  | Measure{#2} No timeOffset for HeadChordInter#669{(0.946/0.946) staff:1 slot#7 dur:1/12}
INFO  [al2Aqrg5]        AbstractChordInter 627  | Measure{#2} No timeOffset for HeadChordInter#671{(0.922/0.922) staff:1 slot#9 dur:1/8}
INFO  [al2Aqrg5]               StackRhythm 224  | S1 MeasureStack#2 no correct rhythm
INFO  [al2Aqrg5]             MeasureRhythm 1045 | Measure{#3} No timeOffset for HeadChordInter#674{(0.928/0.928) staff:1 slot#2 dur:1/8}
INFO  [al2Aqrg5]        AbstractChordInter 627  | Measure{#3} No timeOffset for HeadChordInter#675{(0.946/0.946) staff:1 slot#3 dur:1/8}
INFO  [al2Aqrg5]        AbstractChordInter 627  | Measure{#3} No timeOffset for HeadChordInter#677{(0.958/0.958) staff:1 slot#5 dur:1/8}
INFO  [al2Aqrg5]               StackRhythm 224  | S1 MeasureStack#3 no correct rhythm
INFO  [al2Aqrg5]             MeasureRhythm 1045 | Measure{#4} No timeOffset for HeadChordInter#684{(0.946/0.946) staff:1 slot#5 dur:1/4}
INFO  [al2Aqrg5]        AbstractChordInter 627  | Measure{#4} No timeOffset for HeadChordInter#684{(0.946/0.946) staff:1 slot#5 dur:1/4}
INFO  [al2Aqrg5]               StackRhythm 224  | S1 MeasureStack#4 no correct rhythm
INFO  [al2Aqrg5]            StepMonitoring 98   | PAGE
INFO  [al2Aqrg5]                      Book 2550 | Book{al2Aqrg5} storing
INFO  [al2Aqrg5]                      Book 2531 | Stored /book.xml
INFO  [al2Aqrg5]                DataHolder 348  | Stored /sheet#1/BINARY.png
INFO  [al2Aqrg5]                     Sheet 1562 | Stored /sheet#1/sheet#1.xml
INFO  [al2Aqrg5]                      Book 2491 | Book stored as out_omr/musicxml/al2Aqrg5.omr
INFO  [al2Aqrg5]                 SheetStub 1644 | Disposed sheet
INFO  [al2Aqrg5]                      Book 2018 | End of Stub#1 memory: 31,591,768
INFO  [al2Aqrg5]                      Book 2025 | Book processed.
INFO  [al2Aqrg5]                 SheetStub 995  | Loaded /sheet#1/sheet#1.xml
INFO  [al2Aqrg5]           PartwiseBuilder 2661 | Exporting sheet(s): [#1]
INFO  [al2Aqrg5]             ScoreExporter 164  | Score al2Aqrg5 exported to out_omr/musicxml/al2Aqrg5.mxl
INFO  [al2Aqrg5]                     Score 181  | Closing {Score 1}
