INFO  []                       CLI 281  | CLI args: [-batch, -export, -output, out_omr/musicxml, out_omr/images/C9S0R0db.png]
INFO  []              TesseractOCR 121  | TESSDATA_PREFIX: null
INFO  []                      Main 416  | Environment:
- Audiveris:    5.7.0:290525b
- OS:           Mac OS X 15.3.2
- Architecture: aarch64
- Java VM:      OpenJDK 64-Bit Server VM (build 24.0.2+12, mixed mode)
- OCR Engine:   Tesseract OCR, version 5.5.1
INFO  []             AliasPatterns 134  | Alias patterns: [(IMSLP[0-9]*)-.*]
INFO  []                      Main 247  | Running in batch mode
WARN  []                 Languages 142  | *** No installed OCR languages ***
INFO  []                      Main 193  | Submitting 1 task(s) in sequence:
    Input "/Users/noamshamir/Documents/ind_proj/scripts/scraping/out_omr/images/C9S0R0db.png"
INFO  [C9S0R0db]                      Book 562  | 1 sheet in /Users/noamshamir/Documents/ind_proj/scripts/scraping/out_omr/images/C9S0R0db.png
INFO  []                      Book 2531 | Stored /book.xml
INFO  []                      Book 2491 | Book stored as out_omr/musicxml/C9S0R0db.omr
INFO  []                      Book 1933 | Book reaching PAGE on sheets:[#1]
INFO  [C9S0R0db]            StepMonitoring 98   | LOAD
INFO  [C9S0R0db]                 SheetStub 1268 | Loaded image #1 1970x215 from /Users/noamshamir/Documents/ind_proj/scripts/scraping/out_omr/images/C9S0R0db.png
INFO  [C9S0R0db]            StepMonitoring 98   | BINARY
INFO  [C9S0R0db]            StepMonitoring 98   | SCALE
INFO  [C9S0R0db]              ScaleBuilder 241  | Beam  guessed height: 10 -- 0.50 of 21 interline
INFO  [C9S0R0db]              ScaleBuilder 264  | Beam measured height: 11 -- 0.33 of [6..21] range at 532% of needed quorum
INFO  [C9S0R0db]                 ScaleStep 65   | Scale{ interline(20,21,21) line(3,3,5) beam(11)}
INFO  [C9S0R0db]            StepMonitoring 98   | GRID
INFO  [C9S0R0db]            LinesRetriever 1500 | Global slope: 0.00000
INFO  [C9S0R0db]         ClustersRetriever 328  | Retrieved raw line clusters: 1 of sizes [5] with interline(20,21,21)
INFO  [C9S0R0db]                 PeakGraph 310  | Systems: #1[1]
INFO  [C9S0R0db]             SystemManager 779  | 1 part along 1 system
INFO  [C9S0R0db]                      Book 545  | Created scores: [{Score 1}]
INFO  [C9S0R0db]            StepMonitoring 98   | HEADERS
INFO  [C9S0R0db]           BasicClassifier 277  | Classifier loaded XML norms.
INFO  [C9S0R0db]        AbstractClassifier 396  | Classifier data loaded from default uri jar:file:/Applications/Audiveris.app/Contents/app/audiveris.jar!/res/basic-classifier.zip
INFO  [C9S0R0db]            StepMonitoring 98   | STEM_SEEDS
INFO  [C9S0R0db]             StemSeedsStep 86   | stem(4 max:4)
INFO  [C9S0R0db]            StepMonitoring 98   | BEAMS
INFO  [C9S0R0db]            StepMonitoring 98   | LEDGERS
INFO  [C9S0R0db]            StepMonitoring 98   | HEADS
INFO  [C9S0R0db]             HeadSeedTally 235  | Scale information: HeadSeeds{NOTEHEAD_BLACK[L:-1.0,R:-0.6]}
INFO  [C9S0R0db]            StepMonitoring 98   | STEMS
INFO  [C9S0R0db]            StepMonitoring 98   | REDUCTION
INFO  [C9S0R0db]            StepMonitoring 98   | CUE_BEAMS
INFO  [C9S0R0db]              CueBeamsStep 81   | Step CUE_BEAMS is skipped because small heads switch is off
INFO  [C9S0R0db]            StepMonitoring 98   | TEXTS
WARN  [C9S0R0db]              TesseractOCR 335  | The collection of supported languages is empty
INFO  [C9S0R0db]                   OcrUtil 106  | Missing support for 'eng' language(s)
INFO  [C9S0R0db]            StepMonitoring 98   | MEASURES
INFO  [C9S0R0db]                      Page 307  | 3 raw measures: [3 in system#1]
INFO  [C9S0R0db]            StepMonitoring 98   | CHORDS
INFO  [C9S0R0db]            StepMonitoring 98   | CURVES
INFO  [C9S0R0db]              SlursBuilder 240  | Slurs: 1
INFO  [C9S0R0db]           SegmentsBuilder 155  | Segments: 7
INFO  [C9S0R0db]            StepMonitoring 98   | SYMBOLS
INFO  [C9S0R0db]            StepMonitoring 98   | LINKS
INFO  [C9S0R0db]            StepMonitoring 98   | RHYTHMS
INFO  [C9S0R0db]             MeasureRhythm 1045 | Measure{#1} No timeOffset for HeadChordInter#612{(0.957/0.957) staff:1 slot#5 dur:1/8}
INFO  [C9S0R0db]        AbstractChordInter 627  | Measure{#1} No timeOffset for HeadChordInter#613{(0.957/0.957) staff:1 slot#6 dur:1/8}
INFO  [C9S0R0db]        AbstractChordInter 627  | Measure{#1} No timeOffset for HeadChordInter#615{(0.952/0.952) staff:1 slot#8 dur:1/8}
INFO  [C9S0R0db]               StackRhythm 224  | S1 MeasureStack#1 no correct rhythm
INFO  [C9S0R0db]             MeasureRhythm 1045 | Measure{#2} No timeOffset for HeadChordInter#622{(0.949/0.949) staff:1 slot#5 dur:1/8}
INFO  [C9S0R0db]        AbstractChordInter 627  | Measure{#2} No timeOffset for HeadChordInter#623{(0.948/0.948) staff:1 slot#6 dur:1/8}
INFO  [C9S0R0db]        AbstractChordInter 627  | Measure{#2} No timeOffset for HeadChordInter#625{(0.952/0.952) staff:1 slot#8 dur:1/8}
INFO  [C9S0R0db]               StackRhythm 224  | S1 MeasureStack#2 no correct rhythm
INFO  [C9S0R0db]             MeasureRhythm 1045 | Measure{#3} No timeOffset for RestChordInter#857{(0.795/0.795) staff:1 slot#5 dur:1/4}
INFO  [C9S0R0db]        AbstractChordInter 627  | Measure{#3} No timeOffset for RestChordInter#857{(0.795/0.795) staff:1 slot#5 dur:1/4}
INFO  [C9S0R0db]                     Voice 257  | Measure{#3} Voice{#1 excess:1/16} too long
INFO  [C9S0R0db]               StackRhythm 224  | S1 MeasureStack#3 no correct rhythm
INFO  [C9S0R0db]            StepMonitoring 98   | PAGE
INFO  [C9S0R0db]                     Voice 257  | Measure{#3} Voice{#1 excess:1/16} too long
INFO  [C9S0R0db]                      Book 2550 | Book{C9S0R0db} storing
INFO  [C9S0R0db]                      Book 2531 | Stored /book.xml
INFO  [C9S0R0db]                DataHolder 348  | Stored /sheet#1/BINARY.png
INFO  [C9S0R0db]                     Sheet 1562 | Stored /sheet#1/sheet#1.xml
INFO  [C9S0R0db]                      Book 2491 | Book stored as out_omr/musicxml/C9S0R0db.omr
INFO  [C9S0R0db]                 SheetStub 1644 | Disposed sheet
INFO  [C9S0R0db]                      Book 2018 | End of Stub#1 memory: 31,491,584
INFO  [C9S0R0db]                      Book 2025 | Book processed.
INFO  [C9S0R0db]                 SheetStub 995  | Loaded /sheet#1/sheet#1.xml
INFO  [C9S0R0db]           PartwiseBuilder 2661 | Exporting sheet(s): [#1]
INFO  [C9S0R0db]             ScoreExporter 164  | Score C9S0R0db exported to out_omr/musicxml/C9S0R0db.mxl
INFO  [C9S0R0db]                     Score 181  | Closing {Score 1}
