INFO  []                       CLI 281  | CLI args: [-batch, -export, -output, out_omr/musicxml, out_omr/images/fhCsK2bu.png]
INFO  []              TesseractOCR 121  | TESSDATA_PREFIX: null
INFO  []                      Main 416  | Environment:
- Audiveris:    5.7.0:290525b
- OS:           Mac OS X 15.3.2
- Architecture: aarch64
- Java VM:      OpenJDK 64-Bit Server VM (build 24.0.2+12, mixed mode)
- OCR Engine:   Tesseract OCR, version 5.5.1
INFO  []             AliasPatterns 134  | Alias patterns: [(IMSLP[0-9]*)-.*]
INFO  []                      Main 247  | Running in batch mode
WARN  []                 Languages 142  | *** No installed OCR languages ***
INFO  []                      Main 193  | Submitting 1 task(s) in sequence:
    Input "/Users/noamshamir/Documents/ind_proj/scripts/scraping/out_omr/images/fhCsK2bu.png"
INFO  [fhCsK2bu]                      Book 562  | 1 sheet in /Users/noamshamir/Documents/ind_proj/scripts/scraping/out_omr/images/fhCsK2bu.png
INFO  []                      Book 2531 | Stored /book.xml
INFO  []                      Book 2491 | Book stored as out_omr/musicxml/fhCsK2bu.omr
INFO  []                      Book 1933 | Book reaching PAGE on sheets:[#1]
INFO  [fhCsK2bu]            StepMonitoring 98   | LOAD
INFO  [fhCsK2bu]                 SheetStub 1268 | Loaded image #1 1970x246 from /Users/noamshamir/Documents/ind_proj/scripts/scraping/out_omr/images/fhCsK2bu.png
INFO  [fhCsK2bu]            StepMonitoring 98   | BINARY
INFO  [fhCsK2bu]            StepMonitoring 98   | SCALE
INFO  [fhCsK2bu]              ScaleBuilder 241  | Beam  guessed height: 10 -- 0.50 of 21 interline
INFO  [fhCsK2bu]              ScaleBuilder 264  | Beam measured height: 11 -- 0.33 of [6..21] range at 1585% of needed quorum
INFO  [fhCsK2bu]                 ScaleStep 65   | Scale{ interline(20,21,21) line(3,3,3) beam(11)}
INFO  [fhCsK2bu]            StepMonitoring 98   | GRID
INFO  [fhCsK2bu]            LinesRetriever 1500 | Global slope: 0.00000
INFO  [fhCsK2bu]         ClustersRetriever 328  | Retrieved raw line clusters: 1 of sizes [5] with interline(20,21,21)
INFO  [fhCsK2bu]                 PeakGraph 310  | Systems: #1[1]
INFO  [fhCsK2bu]             SystemManager 779  | 1 part along 1 system
INFO  [fhCsK2bu]                      Book 545  | Created scores: [{Score 1}]
INFO  [fhCsK2bu]            StepMonitoring 98   | HEADERS
INFO  [fhCsK2bu]           BasicClassifier 277  | Classifier loaded XML norms.
INFO  [fhCsK2bu]        AbstractClassifier 396  | Classifier data loaded from default uri jar:file:/Applications/Audiveris.app/Contents/app/audiveris.jar!/res/basic-classifier.zip
INFO  [fhCsK2bu]            StepMonitoring 98   | STEM_SEEDS
INFO  [fhCsK2bu]             StemSeedsStep 86   | stem(4 max:5)
INFO  [fhCsK2bu]            StepMonitoring 98   | BEAMS
INFO  [fhCsK2bu]            StepMonitoring 98   | LEDGERS
INFO  [fhCsK2bu]            StepMonitoring 98   | HEADS
INFO  [fhCsK2bu]             HeadSeedTally 235  | Scale information: HeadSeeds{NOTEHEAD_BLACK[L:-0.7,R:-0.6]}
INFO  [fhCsK2bu]            StepMonitoring 98   | STEMS
INFO  [fhCsK2bu]            StepMonitoring 98   | REDUCTION
INFO  [fhCsK2bu]             ReductionStep 105  | Stems free length median value: 75 pixels, 3.6 interlines
INFO  [fhCsK2bu]            StepMonitoring 98   | CUE_BEAMS
INFO  [fhCsK2bu]              CueBeamsStep 81   | Step CUE_BEAMS is skipped because small heads switch is off
INFO  [fhCsK2bu]            StepMonitoring 98   | TEXTS
WARN  [fhCsK2bu]              TesseractOCR 335  | The collection of supported languages is empty
INFO  [fhCsK2bu]                   OcrUtil 106  | Missing support for 'eng' language(s)
INFO  [fhCsK2bu]            StepMonitoring 98   | MEASURES
INFO  [fhCsK2bu]                      Page 307  | 2 raw measures: [2 in system#1]
INFO  [fhCsK2bu]            StepMonitoring 98   | CHORDS
INFO  [fhCsK2bu]            StepMonitoring 98   | CURVES
INFO  [fhCsK2bu]              SlursBuilder 240  | Slurs: 0
INFO  [fhCsK2bu]           SegmentsBuilder 155  | Segments: 7
INFO  [fhCsK2bu]            StepMonitoring 98   | SYMBOLS
INFO  [fhCsK2bu]            StepMonitoring 98   | LINKS
INFO  [fhCsK2bu]            StepMonitoring 98   | RHYTHMS
INFO  [fhCsK2bu]             MeasureRhythm 1045 | Measure{#2} No timeOffset for HeadChordInter#820{(0.958/0.958) staff:1 slot#17 dur:1/16}
INFO  [fhCsK2bu]             MeasureRhythm 1045 | Measure{#2} No timeOffset for HeadChordInter#819{(0.549/0.549) staff:1 slot#17 dur:1/2}
INFO  [fhCsK2bu]        AbstractChordInter 627  | Measure{#2} No timeOffset for HeadChordInter#823{(0.967/0.967) staff:1 slot#20 dur:1/16}
INFO  [fhCsK2bu]        AbstractChordInter 627  | Measure{#2} No timeOffset for HeadChordInter#819{(0.549/0.549) staff:1 slot#17 dur:1/2}
INFO  [fhCsK2bu]        AbstractChordInter 627  | Measure{#2} No timeOffset for HeadChordInter#825{(0.959/0.959) staff:1 slot#22 dur:1/16}
INFO  [fhCsK2bu]        AbstractChordInter 627  | Measure{#2} No timeOffset for HeadChordInter#819{(0.549/0.549) staff:1 slot#17 dur:1/2}
INFO  [fhCsK2bu]        AbstractChordInter 627  | Measure{#2} No timeOffset for RestChordInter#932{(0.800/0.800) staff:1 slot#23 dur:1/8}
INFO  [fhCsK2bu]        AbstractChordInter 627  | Measure{#2} No timeOffset for HeadChordInter#819{(0.549/0.549) staff:1 slot#17 dur:1/2}
INFO  [fhCsK2bu]               StackRhythm 224  | S1 MeasureStack#2 no correct rhythm
INFO  [fhCsK2bu]            StepMonitoring 98   | PAGE
INFO  [fhCsK2bu]                      Book 2550 | Book{fhCsK2bu} storing
INFO  [fhCsK2bu]                      Book 2531 | Stored /book.xml
INFO  [fhCsK2bu]                DataHolder 348  | Stored /sheet#1/BINARY.png
INFO  [fhCsK2bu]                     Sheet 1562 | Stored /sheet#1/sheet#1.xml
INFO  [fhCsK2bu]                      Book 2491 | Book stored as out_omr/musicxml/fhCsK2bu.omr
INFO  [fhCsK2bu]                 SheetStub 1644 | Disposed sheet
INFO  [fhCsK2bu]                      Book 2018 | End of Stub#1 memory: 31,373,080
INFO  [fhCsK2bu]                      Book 2025 | Book processed.
INFO  [fhCsK2bu]                 SheetStub 995  | Loaded /sheet#1/sheet#1.xml
INFO  [fhCsK2bu]           PartwiseBuilder 2661 | Exporting sheet(s): [#1]
INFO  [fhCsK2bu]             ScoreExporter 164  | Score fhCsK2bu exported to out_omr/musicxml/fhCsK2bu.mxl
INFO  [fhCsK2bu]                     Score 181  | Closing {Score 1}
