INFO  []                       CLI 281  | CLI args: [-batch, -export, -output, out_omr/musicxml, out_omr/images/Hdbk4aHd.png]
INFO  []              TesseractOCR 121  | TESSDATA_PREFIX: null
INFO  []                      Main 416  | Environment:
- Audiveris:    5.7.0:290525b
- OS:           Mac OS X 15.3.2
- Architecture: aarch64
- Java VM:      OpenJDK 64-Bit Server VM (build 24.0.2+12, mixed mode)
- OCR Engine:   Tesseract OCR, version 5.5.1
INFO  []             AliasPatterns 134  | Alias patterns: [(IMSLP[0-9]*)-.*]
INFO  []                      Main 247  | Running in batch mode
WARN  []                 Languages 142  | *** No installed OCR languages ***
INFO  []                      Main 193  | Submitting 1 task(s) in sequence:
    Input "/Users/noamshamir/Documents/ind_proj/scripts/scraping/out_omr/images/Hdbk4aHd.png"
INFO  [Hdbk4aHd]                      Book 562  | 1 sheet in /Users/noamshamir/Documents/ind_proj/scripts/scraping/out_omr/images/Hdbk4aHd.png
INFO  []                      Book 2531 | Stored /book.xml
INFO  []                      Book 2491 | Book stored as out_omr/musicxml/Hdbk4aHd.omr
INFO  []                      Book 1933 | Book reaching PAGE on sheets:[#1]
INFO  [Hdbk4aHd]            StepMonitoring 98   | LOAD
INFO  [Hdbk4aHd]                 SheetStub 1268 | Loaded image #1 1970x252 from /Users/noamshamir/Documents/ind_proj/scripts/scraping/out_omr/images/Hdbk4aHd.png
INFO  [Hdbk4aHd]            StepMonitoring 98   | BINARY
INFO  [Hdbk4aHd]            StepMonitoring 98   | SCALE
INFO  [Hdbk4aHd]              ScaleBuilder 241  | Beam  guessed height: 10 -- 0.50 of 21 interline
INFO  [Hdbk4aHd]              ScaleBuilder 264  | Beam measured height: 11 -- 0.33 of [6..21] range at 732% of needed quorum
INFO  [Hdbk4aHd]                 ScaleStep 65   | Scale{ interline(20,21,21) line(3,3,3) beam(11)}
INFO  [Hdbk4aHd]            StepMonitoring 98   | GRID
INFO  [Hdbk4aHd]            LinesRetriever 1500 | Global slope: 0.00000
INFO  [Hdbk4aHd]         ClustersRetriever 328  | Retrieved raw line clusters: 1 of sizes [5] with interline(20,21,21)
INFO  [Hdbk4aHd]                 PeakGraph 310  | Systems: #1[1]
INFO  [Hdbk4aHd]             SystemManager 779  | 1 part along 1 system
INFO  [Hdbk4aHd]                      Book 545  | Created scores: [{Score 1}]
INFO  [Hdbk4aHd]            StepMonitoring 98   | HEADERS
INFO  [Hdbk4aHd]           BasicClassifier 277  | Classifier loaded XML norms.
INFO  [Hdbk4aHd]        AbstractClassifier 396  | Classifier data loaded from default uri jar:file:/Applications/Audiveris.app/Contents/app/audiveris.jar!/res/basic-classifier.zip
INFO  [Hdbk4aHd]            StepMonitoring 98   | STEM_SEEDS
INFO  [Hdbk4aHd]             StemSeedsStep 86   | stem(4 max:5)
INFO  [Hdbk4aHd]            StepMonitoring 98   | BEAMS
INFO  [Hdbk4aHd]            StepMonitoring 98   | LEDGERS
INFO  [Hdbk4aHd]            StepMonitoring 98   | HEADS
INFO  [Hdbk4aHd]             HeadSeedTally 235  | Scale information: HeadSeeds{NOTEHEAD_BLACK[L:-0.7]}
INFO  [Hdbk4aHd]            StepMonitoring 98   | STEMS
INFO  [Hdbk4aHd]            StepMonitoring 98   | REDUCTION
INFO  [Hdbk4aHd]             ReductionStep 105  | Stems free length median value: 73 pixels, 3.5 interlines
INFO  [Hdbk4aHd]            StepMonitoring 98   | CUE_BEAMS
INFO  [Hdbk4aHd]              CueBeamsStep 81   | Step CUE_BEAMS is skipped because small heads switch is off
INFO  [Hdbk4aHd]            StepMonitoring 98   | TEXTS
WARN  [Hdbk4aHd]              TesseractOCR 335  | The collection of supported languages is empty
INFO  [Hdbk4aHd]                   OcrUtil 106  | Missing support for 'eng' language(s)
INFO  [Hdbk4aHd]            StepMonitoring 98   | MEASURES
INFO  [Hdbk4aHd]                      Page 307  | 2 raw measures: [2 in system#1]
INFO  [Hdbk4aHd]            StepMonitoring 98   | CHORDS
INFO  [Hdbk4aHd]            StepMonitoring 98   | CURVES
INFO  [Hdbk4aHd]              SlursBuilder 240  | Slurs: 0
INFO  [Hdbk4aHd]           SegmentsBuilder 155  | Segments: 3
INFO  [Hdbk4aHd]            StepMonitoring 98   | SYMBOLS
INFO  [Hdbk4aHd]            StepMonitoring 98   | LINKS
INFO  [Hdbk4aHd]            StepMonitoring 98   | RHYTHMS
INFO  [Hdbk4aHd]             MeasureRhythm 1045 | Measure{#1} No timeOffset for HeadChordInter#676{(0.596/0.596) staff:1 slot#13 dur:1/2}
INFO  [Hdbk4aHd]        AbstractChordInter 627  | Measure{#1} No timeOffset for HeadChordInter#676{(0.596/0.596) staff:1 slot#13 dur:1/2}
INFO  [Hdbk4aHd]        AbstractChordInter 627  | Measure{#1} No timeOffset for HeadChordInter#679{(0.942/0.942) staff:1 slot#16 dur:1/12}
INFO  [Hdbk4aHd]        AbstractChordInter 627  | Measure{#1} No timeOffset for HeadChordInter#682{(0.949/0.949) staff:1 slot#19 dur:1/8}
INFO  [Hdbk4aHd]        AbstractChordInter 627  | Measure{#1} No timeOffset for HeadChordInter#685{(0.970/0.970) staff:1 slot#22 dur:1/12}
INFO  [Hdbk4aHd]               StackRhythm 224  | S1 MeasureStack#1 no correct rhythm
INFO  [Hdbk4aHd]            StepMonitoring 98   | PAGE
INFO  [Hdbk4aHd]                      Book 2550 | Book{Hdbk4aHd} storing
INFO  [Hdbk4aHd]                      Book 2531 | Stored /book.xml
INFO  [Hdbk4aHd]                DataHolder 348  | Stored /sheet#1/BINARY.png
INFO  [Hdbk4aHd]                     Sheet 1562 | Stored /sheet#1/sheet#1.xml
INFO  [Hdbk4aHd]                      Book 2491 | Book stored as out_omr/musicxml/Hdbk4aHd.omr
INFO  [Hdbk4aHd]                 SheetStub 1644 | Disposed sheet
INFO  [Hdbk4aHd]                      Book 2018 | End of Stub#1 memory: 31,505,688
INFO  [Hdbk4aHd]                      Book 2025 | Book processed.
INFO  [Hdbk4aHd]                 SheetStub 995  | Loaded /sheet#1/sheet#1.xml
INFO  [Hdbk4aHd]           PartwiseBuilder 2661 | Exporting sheet(s): [#1]
INFO  [Hdbk4aHd]             ScoreExporter 164  | Score Hdbk4aHd exported to out_omr/musicxml/Hdbk4aHd.mxl
INFO  [Hdbk4aHd]                     Score 181  | Closing {Score 1}
