INFO  []                       CLI 281  | CLI args: [-batch, -export, -output, out_omr/musicxml, out_omr/images/jMOGicGn.png]
INFO  []              TesseractOCR 121  | TESSDATA_PREFIX: null
INFO  []                      Main 416  | Environment:
- Audiveris:    5.7.0:290525b
- OS:           Mac OS X 15.3.2
- Architecture: aarch64
- Java VM:      OpenJDK 64-Bit Server VM (build 24.0.2+12, mixed mode)
- OCR Engine:   Tesseract OCR, version 5.5.1
INFO  []             AliasPatterns 134  | Alias patterns: [(IMSLP[0-9]*)-.*]
INFO  []                      Main 247  | Running in batch mode
WARN  []                 Languages 142  | *** No installed OCR languages ***
INFO  []                      Main 193  | Submitting 1 task(s) in sequence:
    Input "/Users/noamshamir/Documents/ind_proj/scripts/scraping/out_omr/images/jMOGicGn.png"
INFO  [jMOGicGn]                      Book 562  | 1 sheet in /Users/noamshamir/Documents/ind_proj/scripts/scraping/out_omr/images/jMOGicGn.png
INFO  []                      Book 2531 | Stored /book.xml
INFO  []                      Book 2491 | Book stored as out_omr/musicxml/jMOGicGn.omr
INFO  []                      Book 1933 | Book reaching PAGE on sheets:[#1]
INFO  [jMOGicGn]            StepMonitoring 98   | LOAD
INFO  [jMOGicGn]                 SheetStub 1268 | Loaded image #1 1970x233 from /Users/noamshamir/Documents/ind_proj/scripts/scraping/out_omr/images/jMOGicGn.png
INFO  [jMOGicGn]            StepMonitoring 98   | BINARY
INFO  [jMOGicGn]            StepMonitoring 98   | SCALE
INFO  [jMOGicGn]              ScaleBuilder 241  | Beam  guessed height: 10 -- 0.50 of 21 interline
INFO  [jMOGicGn]              ScaleBuilder 264  | Beam measured height: 11 -- 0.33 of [6..21] range at 674% of needed quorum
INFO  [jMOGicGn]                 ScaleStep 65   | Scale{ interline(20,21,21) line(3,3,3) beam(11)}
INFO  [jMOGicGn]            StepMonitoring 98   | GRID
INFO  [jMOGicGn]            LinesRetriever 1500 | Global slope: 0.00000
INFO  [jMOGicGn]         ClustersRetriever 328  | Retrieved raw line clusters: 1 of sizes [5] with interline(20,21,21)
INFO  [jMOGicGn]                 PeakGraph 310  | Systems: #1[1]
INFO  [jMOGicGn]             SystemManager 779  | 1 part along 1 system
INFO  [jMOGicGn]                      Book 545  | Created scores: [{Score 1}]
INFO  [jMOGicGn]            StepMonitoring 98   | HEADERS
INFO  [jMOGicGn]           BasicClassifier 277  | Classifier loaded XML norms.
INFO  [jMOGicGn]        AbstractClassifier 396  | Classifier data loaded from default uri jar:file:/Applications/Audiveris.app/Contents/app/audiveris.jar!/res/basic-classifier.zip
INFO  [jMOGicGn]            StepMonitoring 98   | STEM_SEEDS
INFO  [jMOGicGn]             StemSeedsStep 86   | stem(4 max:5)
INFO  [jMOGicGn]            StepMonitoring 98   | BEAMS
INFO  [jMOGicGn]            StepMonitoring 98   | LEDGERS
INFO  [jMOGicGn]            StepMonitoring 98   | HEADS
INFO  [jMOGicGn]             HeadSeedTally 235  | Scale information: HeadSeeds{NOTEHEAD_BLACK[R:-0.9]}
INFO  [jMOGicGn]            StepMonitoring 98   | STEMS
INFO  [jMOGicGn]            StepMonitoring 98   | REDUCTION
INFO  [jMOGicGn]             ReductionStep 105  | Stems free length median value: 84 pixels, 4.0 interlines
INFO  [jMOGicGn]            StepMonitoring 98   | CUE_BEAMS
INFO  [jMOGicGn]              CueBeamsStep 81   | Step CUE_BEAMS is skipped because small heads switch is off
INFO  [jMOGicGn]            StepMonitoring 98   | TEXTS
WARN  [jMOGicGn]              TesseractOCR 335  | The collection of supported languages is empty
INFO  [jMOGicGn]                   OcrUtil 106  | Missing support for 'eng' language(s)
INFO  [jMOGicGn]            StepMonitoring 98   | MEASURES
INFO  [jMOGicGn]                      Page 307  | 3 raw measures: [3 in system#1]
INFO  [jMOGicGn]            StepMonitoring 98   | CHORDS
INFO  [jMOGicGn]            StepMonitoring 98   | CURVES
INFO  [jMOGicGn]              SlursBuilder 240  | Slurs: 1
INFO  [jMOGicGn]           SegmentsBuilder 155  | Segments: 6
INFO  [jMOGicGn]            StepMonitoring 98   | SYMBOLS
INFO  [jMOGicGn]            StepMonitoring 98   | LINKS
INFO  [jMOGicGn]            StepMonitoring 98   | RHYTHMS
INFO  [jMOGicGn]             MeasureRhythm 1045 | Measure{#2} No timeOffset for HeadChordInter#487{(0.954/0.954) staff:1 slot#6 dur:1/8}
INFO  [jMOGicGn]        AbstractChordInter 627  | Measure{#2} No timeOffset for HeadChordInter#488{(0.925/0.925) staff:1 slot#7 dur:1/8}
INFO  [jMOGicGn]        AbstractChordInter 627  | Measure{#2} No timeOffset for HeadChordInter#490{(0.948/0.948) staff:1 slot#9 dur:1/8}
INFO  [jMOGicGn]               StackRhythm 224  | S1 MeasureStack#2 no correct rhythm
INFO  [jMOGicGn]             MeasureRhythm 1045 | Measure{#3} No timeOffset for HeadChordInter#497{(0.930/0.930) staff:1 slot#5 dur:1/8}
INFO  [jMOGicGn]        AbstractChordInter 627  | Measure{#3} No timeOffset for HeadChordInter#498{(0.965/0.965) staff:1 slot#6 dur:1/8}
INFO  [jMOGicGn]        AbstractChordInter 627  | Measure{#3} No timeOffset for HeadChordInter#500{(0.965/0.965) staff:1 slot#8 dur:1/8}
INFO  [jMOGicGn]               StackRhythm 224  | S1 MeasureStack#3 no correct rhythm
INFO  [jMOGicGn]            StepMonitoring 98   | PAGE
INFO  [jMOGicGn]                      Book 2550 | Book{jMOGicGn} storing
INFO  [jMOGicGn]                      Book 2531 | Stored /book.xml
INFO  [jMOGicGn]                DataHolder 348  | Stored /sheet#1/BINARY.png
INFO  [jMOGicGn]                     Sheet 1562 | Stored /sheet#1/sheet#1.xml
INFO  [jMOGicGn]                      Book 2491 | Book stored as out_omr/musicxml/jMOGicGn.omr
INFO  [jMOGicGn]                 SheetStub 1644 | Disposed sheet
INFO  [jMOGicGn]                      Book 2018 | End of Stub#1 memory: 31,394,184
INFO  [jMOGicGn]                      Book 2025 | Book processed.
INFO  [jMOGicGn]                 SheetStub 995  | Loaded /sheet#1/sheet#1.xml
INFO  [jMOGicGn]           PartwiseBuilder 2661 | Exporting sheet(s): [#1]
INFO  [jMOGicGn]             ScoreExporter 164  | Score jMOGicGn exported to out_omr/musicxml/jMOGicGn.mxl
INFO  [jMOGicGn]                     Score 181  | Closing {Score 1}
