INFO  []                       CLI 281  | CLI args: [-batch, -export, -output, out_omr/musicxml, out_omr/images/Jt3vfDaP.png]
INFO  []              TesseractOCR 121  | TESSDATA_PREFIX: null
INFO  []                      Main 416  | Environment:
- Audiveris:    5.7.0:290525b
- OS:           Mac OS X 15.3.2
- Architecture: aarch64
- Java VM:      OpenJDK 64-Bit Server VM (build 24.0.2+12, mixed mode)
- OCR Engine:   Tesseract OCR, version 5.5.1
INFO  []             AliasPatterns 134  | Alias patterns: [(IMSLP[0-9]*)-.*]
INFO  []                      Main 247  | Running in batch mode
WARN  []                 Languages 142  | *** No installed OCR languages ***
INFO  []                      Main 193  | Submitting 1 task(s) in sequence:
    Input "/Users/noamshamir/Documents/ind_proj/scripts/scraping/out_omr/images/Jt3vfDaP.png"
INFO  [Jt3vfDaP]                      Book 562  | 1 sheet in /Users/noamshamir/Documents/ind_proj/scripts/scraping/out_omr/images/Jt3vfDaP.png
INFO  []                      Book 2531 | Stored /book.xml
INFO  []                      Book 2491 | Book stored as out_omr/musicxml/Jt3vfDaP.omr
INFO  []                      Book 1933 | Book reaching PAGE on sheets:[#1]
INFO  [Jt3vfDaP]            StepMonitoring 98   | LOAD
INFO  [Jt3vfDaP]                 SheetStub 1268 | Loaded image #1 1970x215 from /Users/noamshamir/Documents/ind_proj/scripts/scraping/out_omr/images/Jt3vfDaP.png
INFO  [Jt3vfDaP]            StepMonitoring 98   | BINARY
INFO  [Jt3vfDaP]            StepMonitoring 98   | SCALE
INFO  [Jt3vfDaP]              ScaleBuilder 241  | Beam  guessed height: 10 -- 0.50 of 21 interline
INFO  [Jt3vfDaP]              ScaleBuilder 264  | Beam measured height: 15 -- 0.60 of [6..21] range at 84% of needed quorum
WARN  [Jt3vfDaP]              ScaleBuilder 293  | No reliable beam height found, guessed value: 10
INFO  [Jt3vfDaP]                 ScaleStep 65   | Scale{ interline(20,21,21) line(3,3,3) beam(10 extra)}
INFO  [Jt3vfDaP]            StepMonitoring 98   | GRID
INFO  [Jt3vfDaP]            LinesRetriever 1500 | Global slope: 0.00000
INFO  [Jt3vfDaP]         ClustersRetriever 328  | Retrieved raw line clusters: 1 of sizes [5] with interline(20,21,21)
INFO  [Jt3vfDaP]                 PeakGraph 310  | Systems: #1[1]
INFO  [Jt3vfDaP]             SystemManager 779  | 1 part along 1 system
INFO  [Jt3vfDaP]                      Book 545  | Created scores: [{Score 1}]
INFO  [Jt3vfDaP]            StepMonitoring 98   | HEADERS
INFO  [Jt3vfDaP]           BasicClassifier 277  | Classifier loaded XML norms.
INFO  [Jt3vfDaP]        AbstractClassifier 396  | Classifier data loaded from default uri jar:file:/Applications/Audiveris.app/Contents/app/audiveris.jar!/res/basic-classifier.zip
INFO  [Jt3vfDaP]            StepMonitoring 98   | STEM_SEEDS
INFO  [Jt3vfDaP]             StemSeedsStep 86   | stem(4 max:6)
INFO  [Jt3vfDaP]            StepMonitoring 98   | BEAMS
INFO  [Jt3vfDaP]            StepMonitoring 98   | LEDGERS
INFO  [Jt3vfDaP]            StepMonitoring 98   | HEADS
INFO  [Jt3vfDaP]             HeadSeedTally 235  | Scale information: HeadSeeds{NOTEHEAD_BLACK[R:1.5]}
INFO  [Jt3vfDaP]            StepMonitoring 98   | STEMS
INFO  [Jt3vfDaP]            StepMonitoring 98   | REDUCTION
INFO  [Jt3vfDaP]             ReductionStep 105  | Stems free length median value: 73 pixels, 3.5 interlines
INFO  [Jt3vfDaP]            StepMonitoring 98   | CUE_BEAMS
INFO  [Jt3vfDaP]              CueBeamsStep 81   | Step CUE_BEAMS is skipped because small heads switch is off
INFO  [Jt3vfDaP]            StepMonitoring 98   | TEXTS
WARN  [Jt3vfDaP]              TesseractOCR 335  | The collection of supported languages is empty
INFO  [Jt3vfDaP]                   OcrUtil 106  | Missing support for 'eng' language(s)
INFO  [Jt3vfDaP]            StepMonitoring 98   | MEASURES
INFO  [Jt3vfDaP]                      Page 307  | 9 raw measures: [9 in system#1]
INFO  [Jt3vfDaP]            StepMonitoring 98   | CHORDS
INFO  [Jt3vfDaP]            StepMonitoring 98   | CURVES
INFO  [Jt3vfDaP]              SlursBuilder 240  | Slurs: 1
INFO  [Jt3vfDaP]           SegmentsBuilder 155  | Segments: 13
INFO  [Jt3vfDaP]            StepMonitoring 98   | SYMBOLS
INFO  [Jt3vfDaP]            StepMonitoring 98   | LINKS
INFO  [Jt3vfDaP]            StepMonitoring 98   | RHYTHMS
INFO  [Jt3vfDaP]                     Voice 257  | Measure{#1} Voice{#1 excess:1/8} too long
INFO  [Jt3vfDaP]               StackRhythm 224  | S1 MeasureStack#1 no correct rhythm
INFO  [Jt3vfDaP]                     Voice 257  | Measure{#3} Voice{#1 excess:1/8} too long
INFO  [Jt3vfDaP]               StackRhythm 224  | S1 MeasureStack#3 no correct rhythm
INFO  [Jt3vfDaP]                     Voice 257  | Measure{#9} Voice{#1 excess:1/8} too long
INFO  [Jt3vfDaP]               StackRhythm 224  | S1 MeasureStack#9 no correct rhythm
INFO  [Jt3vfDaP]            StepMonitoring 98   | PAGE
INFO  [Jt3vfDaP]                     Voice 257  | Measure{#1} Voice{#1 excess:1/8} too long
INFO  [Jt3vfDaP]                     Voice 257  | Measure{#3} Voice{#1 excess:1/8} too long
INFO  [Jt3vfDaP]                     Voice 257  | Measure{#9} Voice{#1 excess:1/8} too long
INFO  [Jt3vfDaP]                      Book 2550 | Book{Jt3vfDaP} storing
INFO  [Jt3vfDaP]                      Book 2531 | Stored /book.xml
INFO  [Jt3vfDaP]                DataHolder 348  | Stored /sheet#1/BINARY.png
INFO  [Jt3vfDaP]                     Sheet 1562 | Stored /sheet#1/sheet#1.xml
INFO  [Jt3vfDaP]                      Book 2491 | Book stored as out_omr/musicxml/Jt3vfDaP.omr
INFO  [Jt3vfDaP]                 SheetStub 1644 | Disposed sheet
INFO  [Jt3vfDaP]                      Book 2018 | End of Stub#1 memory: 31,303,984
INFO  [Jt3vfDaP]                      Book 2025 | Book processed.
INFO  [Jt3vfDaP]                 SheetStub 995  | Loaded /sheet#1/sheet#1.xml
INFO  [Jt3vfDaP]           PartwiseBuilder 2661 | Exporting sheet(s): [#1]
INFO  [Jt3vfDaP]             ScoreExporter 164  | Score Jt3vfDaP exported to out_omr/musicxml/Jt3vfDaP.mxl
INFO  [Jt3vfDaP]                     Score 181  | Closing {Score 1}
