INFO  []                       CLI 281  | CLI args: [-batch, -export, -output, out_omr/musicxml, out_omr/images/L09GAwJQ.png]
INFO  []              TesseractOCR 121  | TESSDATA_PREFIX: null
INFO  []                      Main 416  | Environment:
- Audiveris:    5.7.0:290525b
- OS:           Mac OS X 15.3.2
- Architecture: aarch64
- Java VM:      OpenJDK 64-Bit Server VM (build 24.0.2+12, mixed mode)
- OCR Engine:   Tesseract OCR, version 5.5.1
INFO  []             AliasPatterns 134  | Alias patterns: [(IMSLP[0-9]*)-.*]
INFO  []                      Main 247  | Running in batch mode
WARN  []                 Languages 142  | *** No installed OCR languages ***
INFO  []                      Main 193  | Submitting 1 task(s) in sequence:
    Input "/Users/noamshamir/Documents/ind_proj/scripts/scraping/out_omr/images/L09GAwJQ.png"
INFO  [L09GAwJQ]                      Book 562  | 1 sheet in /Users/noamshamir/Documents/ind_proj/scripts/scraping/out_omr/images/L09GAwJQ.png
INFO  []                      Book 2531 | Stored /book.xml
INFO  []                      Book 2491 | Book stored as out_omr/musicxml/L09GAwJQ.omr
INFO  []                      Book 1933 | Book reaching PAGE on sheets:[#1]
INFO  [L09GAwJQ]            StepMonitoring 98   | LOAD
INFO  [L09GAwJQ]                 SheetStub 1268 | Loaded image #1 1970x244 from /Users/noamshamir/Documents/ind_proj/scripts/scraping/out_omr/images/L09GAwJQ.png
INFO  [L09GAwJQ]            StepMonitoring 98   | BINARY
INFO  [L09GAwJQ]            StepMonitoring 98   | SCALE
INFO  [L09GAwJQ]              ScaleBuilder 241  | Beam  guessed height: 10 -- 0.50 of 21 interline
INFO  [L09GAwJQ]              ScaleBuilder 264  | Beam measured height: 11 -- 0.33 of [6..21] range at 985% of needed quorum
INFO  [L09GAwJQ]                 ScaleStep 65   | Scale{ interline(20,21,21) line(3,3,4) beam(11)}
INFO  [L09GAwJQ]            StepMonitoring 98   | GRID
INFO  [L09GAwJQ]            LinesRetriever 1500 | Global slope: 0.00000
INFO  [L09GAwJQ]         ClustersRetriever 328  | Retrieved raw line clusters: 1 of sizes [5] with interline(20,21,21)
INFO  [L09GAwJQ]                 PeakGraph 310  | Systems: #1[1]
INFO  [L09GAwJQ]             SystemManager 779  | 1 part along 1 system
INFO  [L09GAwJQ]                      Book 545  | Created scores: [{Score 1}]
INFO  [L09GAwJQ]            StepMonitoring 98   | HEADERS
INFO  [L09GAwJQ]           BasicClassifier 277  | Classifier loaded XML norms.
INFO  [L09GAwJQ]        AbstractClassifier 396  | Classifier data loaded from default uri jar:file:/Applications/Audiveris.app/Contents/app/audiveris.jar!/res/basic-classifier.zip
INFO  [L09GAwJQ]            StepMonitoring 98   | STEM_SEEDS
INFO  [L09GAwJQ]             StemSeedsStep 86   | stem(4 max:5)
INFO  [L09GAwJQ]            StepMonitoring 98   | BEAMS
INFO  [L09GAwJQ]            StepMonitoring 98   | LEDGERS
INFO  [L09GAwJQ]            StepMonitoring 98   | HEADS
INFO  [L09GAwJQ]             HeadSeedTally 235  | Scale information: HeadSeeds{NOTEHEAD_BLACK[L:-0.6]}
INFO  [L09GAwJQ]            StepMonitoring 98   | STEMS
INFO  [L09GAwJQ]            StepMonitoring 98   | REDUCTION
INFO  [L09GAwJQ]             ReductionStep 105  | Stems free length median value: 74 pixels, 3.5 interlines
INFO  [L09GAwJQ]            StepMonitoring 98   | CUE_BEAMS
INFO  [L09GAwJQ]              CueBeamsStep 81   | Step CUE_BEAMS is skipped because small heads switch is off
INFO  [L09GAwJQ]            StepMonitoring 98   | TEXTS
WARN  [L09GAwJQ]              TesseractOCR 335  | The collection of supported languages is empty
INFO  [L09GAwJQ]                   OcrUtil 106  | Missing support for 'eng' language(s)
INFO  [L09GAwJQ]            StepMonitoring 98   | MEASURES
INFO  [L09GAwJQ]                      Page 307  | 2 raw measures: [2 in system#1]
INFO  [L09GAwJQ]            StepMonitoring 98   | CHORDS
INFO  [L09GAwJQ]            StepMonitoring 98   | CURVES
INFO  [L09GAwJQ]              SlursBuilder 240  | Slurs: 0
INFO  [L09GAwJQ]           SegmentsBuilder 155  | Segments: 5
INFO  [L09GAwJQ]            StepMonitoring 98   | SYMBOLS
INFO  [L09GAwJQ]            StepMonitoring 98   | LINKS
INFO  [L09GAwJQ]            StepMonitoring 98   | RHYTHMS
INFO  [L09GAwJQ]                     Voice 257  | Measure{#1} Voice{#1 excess:1/8} too long
INFO  [L09GAwJQ]               StackRhythm 224  | S1 MeasureStack#1 no correct rhythm
INFO  [L09GAwJQ]             MeasureRhythm 1045 | Measure{#2} No timeOffset for HeadChordInter#762{(0.569/0.569) staff:1 slot#14 dur:1/2}
INFO  [L09GAwJQ]        AbstractChordInter 627  | Measure{#2} No timeOffset for HeadChordInter#762{(0.569/0.569) staff:1 slot#14 dur:1/2}
INFO  [L09GAwJQ]        AbstractChordInter 627  | Measure{#2} No timeOffset for HeadChordInter#763{(0.947/0.947) staff:1 slot#15 dur:1/6}
INFO  [L09GAwJQ]        AbstractChordInter 627  | Measure{#2} No timeOffset for HeadChordInter#764{(0.952/0.952) staff:1 slot#16 dur:1/6}
INFO  [L09GAwJQ]        AbstractChordInter 627  | Measure{#2} No timeOffset for HeadChordInter#765{(0.916/0.916) staff:1 slot#17 dur:1/6}
INFO  [L09GAwJQ]        AbstractChordInter 627  | Measure{#2} No timeOffset for HeadChordInter#766{(0.912/0.912) staff:1 slot#18 dur:1/4}
INFO  [L09GAwJQ]               StackRhythm 224  | S1 MeasureStack#2 no correct rhythm
INFO  [L09GAwJQ]            StepMonitoring 98   | PAGE
INFO  [L09GAwJQ]                     Voice 257  | Measure{#1} Voice{#1 excess:1/8} too long
INFO  [L09GAwJQ]                      Book 2550 | Book{L09GAwJQ} storing
INFO  [L09GAwJQ]                      Book 2531 | Stored /book.xml
INFO  [L09GAwJQ]                DataHolder 348  | Stored /sheet#1/BINARY.png
INFO  [L09GAwJQ]                     Sheet 1562 | Stored /sheet#1/sheet#1.xml
INFO  [L09GAwJQ]                      Book 2491 | Book stored as out_omr/musicxml/L09GAwJQ.omr
INFO  [L09GAwJQ]                 SheetStub 1644 | Disposed sheet
INFO  [L09GAwJQ]                      Book 2018 | End of Stub#1 memory: 31,358,784
INFO  [L09GAwJQ]                      Book 2025 | Book processed.
INFO  [L09GAwJQ]                 SheetStub 995  | Loaded /sheet#1/sheet#1.xml
INFO  [L09GAwJQ]           PartwiseBuilder 2661 | Exporting sheet(s): [#1]
INFO  [L09GAwJQ]             ScoreExporter 164  | Score L09GAwJQ exported to out_omr/musicxml/L09GAwJQ.mxl
INFO  [L09GAwJQ]                     Score 181  | Closing {Score 1}
