INFO  []                       CLI 281  | CLI args: [-batch, -export, -output, out_omr/musicxml, out_omr/images/LJbaPiSa.png]
INFO  []              TesseractOCR 121  | TESSDATA_PREFIX: null
INFO  []                      Main 416  | Environment:
- Audiveris:    5.7.0:290525b
- OS:           Mac OS X 15.3.2
- Architecture: aarch64
- Java VM:      OpenJDK 64-Bit Server VM (build 24.0.2+12, mixed mode)
- OCR Engine:   Tesseract OCR, version 5.5.1
INFO  []             AliasPatterns 134  | Alias patterns: [(IMSLP[0-9]*)-.*]
INFO  []                      Main 247  | Running in batch mode
WARN  []                 Languages 142  | *** No installed OCR languages ***
INFO  []                      Main 193  | Submitting 1 task(s) in sequence:
    Input "/Users/noamshamir/Documents/ind_proj/scripts/scraping/out_omr/images/LJbaPiSa.png"
INFO  [LJbaPiSa]                      Book 562  | 1 sheet in /Users/noamshamir/Documents/ind_proj/scripts/scraping/out_omr/images/LJbaPiSa.png
2025-09-10 00:05:30.170 Audiveris[48081:1202408] +[IMKClient subclass]: chose IMKClient_Modern
2025-09-10 00:05:30.170 Audiveris[48081:1202408] +[IMKInputSession subclass]: chose IMKInputSession_Modern
INFO  []                      Book 2531 | Stored /book.xml
INFO  []                      Book 2491 | Book stored as out_omr/musicxml/LJbaPiSa.omr
INFO  []                      Book 1933 | Book reaching PAGE on sheets:[#1]
INFO  [LJbaPiSa]            StepMonitoring 98   | LOAD
INFO  [LJbaPiSa]                 SheetStub 1268 | Loaded image #1 1970x214 from /Users/noamshamir/Documents/ind_proj/scripts/scraping/out_omr/images/LJbaPiSa.png
INFO  [LJbaPiSa]            StepMonitoring 98   | BINARY
INFO  [LJbaPiSa]            StepMonitoring 98   | SCALE
INFO  [LJbaPiSa]              ScaleBuilder 241  | Beam  guessed height: 10 -- 0.50 of 21 interline
INFO  [LJbaPiSa]              ScaleBuilder 264  | Beam measured height: 11 -- 0.33 of [6..21] range at 861% of needed quorum
INFO  [LJbaPiSa]                 ScaleStep 65   | Scale{ interline(20,21,21) line(3,3,3) beam(11)}
INFO  [LJbaPiSa]            StepMonitoring 98   | GRID
INFO  [LJbaPiSa]            LinesRetriever 1500 | Global slope: 0.00000
INFO  [LJbaPiSa]         ClustersRetriever 328  | Retrieved raw line clusters: 1 of sizes [5] with interline(20,21,21)
INFO  [LJbaPiSa]                 PeakGraph 310  | Systems: #1[1]
INFO  [LJbaPiSa]             SystemManager 779  | 1 part along 1 system
INFO  [LJbaPiSa]                      Book 545  | Created scores: [{Score 1}]
INFO  [LJbaPiSa]            StepMonitoring 98   | HEADERS
INFO  [LJbaPiSa]           BasicClassifier 277  | Classifier loaded XML norms.
INFO  [LJbaPiSa]        AbstractClassifier 396  | Classifier data loaded from default uri jar:file:/Applications/Audiveris.app/Contents/app/audiveris.jar!/res/basic-classifier.zip
INFO  [LJbaPiSa]            StepMonitoring 98   | STEM_SEEDS
INFO  [LJbaPiSa]             StemSeedsStep 86   | stem(4 max:5)
INFO  [LJbaPiSa]            StepMonitoring 98   | BEAMS
INFO  [LJbaPiSa]            StepMonitoring 98   | LEDGERS
INFO  [LJbaPiSa]            StepMonitoring 98   | HEADS
INFO  [LJbaPiSa]             HeadSeedTally 235  | Scale information: HeadSeeds{NOTEHEAD_BLACK[L:-0.9]}
INFO  [LJbaPiSa]            StepMonitoring 98   | STEMS
INFO  [LJbaPiSa]            StepMonitoring 98   | REDUCTION
INFO  [LJbaPiSa]             ReductionStep 105  | Stems free length median value: 75 pixels, 3.6 interlines
INFO  [LJbaPiSa]            StepMonitoring 98   | CUE_BEAMS
INFO  [LJbaPiSa]              CueBeamsStep 81   | Step CUE_BEAMS is skipped because small heads switch is off
INFO  [LJbaPiSa]            StepMonitoring 98   | TEXTS
WARN  [LJbaPiSa]              TesseractOCR 335  | The collection of supported languages is empty
INFO  [LJbaPiSa]                   OcrUtil 106  | Missing support for 'eng' language(s)
INFO  [LJbaPiSa]            StepMonitoring 98   | MEASURES
INFO  [LJbaPiSa]                      Page 307  | 3 raw measures: [3 in system#1]
INFO  [LJbaPiSa]            StepMonitoring 98   | CHORDS
INFO  [LJbaPiSa]            StepMonitoring 98   | CURVES
INFO  [LJbaPiSa]              SlursBuilder 240  | Slurs: 0
INFO  [LJbaPiSa]           SegmentsBuilder 155  | Segments: 0
INFO  [LJbaPiSa]            StepMonitoring 98   | SYMBOLS
INFO  [LJbaPiSa]            StepMonitoring 98   | LINKS
INFO  [LJbaPiSa]            StepMonitoring 98   | RHYTHMS
INFO  [LJbaPiSa]             MeasureRhythm 1045 | Measure{#2} No timeOffset for HeadChordInter#604{(0.645/0.645) staff:1 slot#9 dur:1/2}
INFO  [LJbaPiSa]        AbstractChordInter 627  | Measure{#2} No timeOffset for HeadChordInter#604{(0.645/0.645) staff:1 slot#9 dur:1/2}
INFO  [LJbaPiSa]        AbstractChordInter 627  | Measure{#2} No timeOffset for HeadChordInter#608{(0.949/0.949) staff:1 slot#13 dur:1/8}
INFO  [LJbaPiSa]        AbstractChordInter 627  | Measure{#2} No timeOffset for HeadChordInter#610{(0.951/0.951) staff:1 slot#15 dur:1/8}
INFO  [LJbaPiSa]               StackRhythm 224  | S1 MeasureStack#2 no correct rhythm
INFO  [LJbaPiSa]            StepMonitoring 98   | PAGE
INFO  [LJbaPiSa]                      Book 2550 | Book{LJbaPiSa} storing
INFO  [LJbaPiSa]                      Book 2531 | Stored /book.xml
INFO  [LJbaPiSa]                DataHolder 348  | Stored /sheet#1/BINARY.png
INFO  [LJbaPiSa]                     Sheet 1562 | Stored /sheet#1/sheet#1.xml
INFO  [LJbaPiSa]                      Book 2491 | Book stored as out_omr/musicxml/LJbaPiSa.omr
INFO  [LJbaPiSa]                 SheetStub 1644 | Disposed sheet
INFO  [LJbaPiSa]                      Book 2018 | End of Stub#1 memory: 31,564,184
INFO  [LJbaPiSa]                      Book 2025 | Book processed.
INFO  [LJbaPiSa]                 SheetStub 995  | Loaded /sheet#1/sheet#1.xml
INFO  [LJbaPiSa]           PartwiseBuilder 2661 | Exporting sheet(s): [#1]
INFO  [LJbaPiSa]             ScoreExporter 164  | Score LJbaPiSa exported to out_omr/musicxml/LJbaPiSa.mxl
INFO  [LJbaPiSa]                     Score 181  | Closing {Score 1}
