INFO  []                       CLI 281  | CLI args: [-batch, -export, -output, out_omr/musicxml, out_omr/images/nON9ahPh.png]
INFO  []              TesseractOCR 121  | TESSDATA_PREFIX: null
INFO  []                      Main 416  | Environment:
- Audiveris:    5.7.0:290525b
- OS:           Mac OS X 15.3.2
- Architecture: aarch64
- Java VM:      OpenJDK 64-Bit Server VM (build 24.0.2+12, mixed mode)
- OCR Engine:   Tesseract OCR, version 5.5.1
INFO  []             AliasPatterns 134  | Alias patterns: [(IMSLP[0-9]*)-.*]
INFO  []                      Main 247  | Running in batch mode
WARN  []                 Languages 142  | *** No installed OCR languages ***
INFO  []                      Main 193  | Submitting 1 task(s) in sequence:
    Input "/Users/noamshamir/Documents/ind_proj/scripts/scraping/out_omr/images/nON9ahPh.png"
INFO  [nON9ahPh]                      Book 562  | 1 sheet in /Users/noamshamir/Documents/ind_proj/scripts/scraping/out_omr/images/nON9ahPh.png
INFO  []                      Book 2531 | Stored /book.xml
INFO  []                      Book 2491 | Book stored as out_omr/musicxml/nON9ahPh.omr
INFO  []                      Book 1933 | Book reaching PAGE on sheets:[#1]
INFO  [nON9ahPh]            StepMonitoring 98   | LOAD
INFO  [nON9ahPh]                 SheetStub 1268 | Loaded image #1 1970x242 from /Users/noamshamir/Documents/ind_proj/scripts/scraping/out_omr/images/nON9ahPh.png
INFO  [nON9ahPh]            StepMonitoring 98   | BINARY
INFO  [nON9ahPh]            StepMonitoring 98   | SCALE
INFO  [nON9ahPh]              ScaleBuilder 241  | Beam  guessed height: 10 -- 0.50 of 21 interline
INFO  [nON9ahPh]              ScaleBuilder 264  | Beam measured height: 11 -- 0.33 of [6..21] range at 509% of needed quorum
INFO  [nON9ahPh]                 ScaleStep 65   | Scale{ interline(20,21,21) line(3,3,4) beam(11)}
INFO  [nON9ahPh]            StepMonitoring 98   | GRID
INFO  [nON9ahPh]            LinesRetriever 1500 | Global slope: 0.00000
INFO  [nON9ahPh]         ClustersRetriever 328  | Retrieved raw line clusters: 1 of sizes [5] with interline(20,21,21)
INFO  [nON9ahPh]                 PeakGraph 310  | Systems: #1[1]
INFO  [nON9ahPh]             SystemManager 779  | 1 part along 1 system
INFO  [nON9ahPh]                      Book 545  | Created scores: [{Score 1}]
INFO  [nON9ahPh]            StepMonitoring 98   | HEADERS
INFO  [nON9ahPh]           BasicClassifier 277  | Classifier loaded XML norms.
INFO  [nON9ahPh]        AbstractClassifier 396  | Classifier data loaded from default uri jar:file:/Applications/Audiveris.app/Contents/app/audiveris.jar!/res/basic-classifier.zip
INFO  [nON9ahPh]            StepMonitoring 98   | STEM_SEEDS
INFO  [nON9ahPh]             StemSeedsStep 86   | stem(4 max:5)
INFO  [nON9ahPh]            StepMonitoring 98   | BEAMS
INFO  [nON9ahPh]            StepMonitoring 98   | LEDGERS
INFO  [nON9ahPh]            StepMonitoring 98   | HEADS
INFO  [nON9ahPh]             HeadSeedTally 235  | Scale information: HeadSeeds{NOTEHEAD_BLACK[L:-0.8,R:-0.6]}
INFO  [nON9ahPh]            StepMonitoring 98   | STEMS
INFO  [nON9ahPh]            StepMonitoring 98   | REDUCTION
INFO  [nON9ahPh]             ReductionStep 105  | Stems free length median value: 74 pixels, 3.5 interlines
INFO  [nON9ahPh]            StepMonitoring 98   | CUE_BEAMS
INFO  [nON9ahPh]              CueBeamsStep 81   | Step CUE_BEAMS is skipped because small heads switch is off
INFO  [nON9ahPh]            StepMonitoring 98   | TEXTS
WARN  [nON9ahPh]              TesseractOCR 335  | The collection of supported languages is empty
INFO  [nON9ahPh]                   OcrUtil 106  | Missing support for 'eng' language(s)
INFO  [nON9ahPh]            StepMonitoring 98   | MEASURES
INFO  [nON9ahPh]                      Page 307  | 3 raw measures: [3 in system#1]
INFO  [nON9ahPh]            StepMonitoring 98   | CHORDS
INFO  [nON9ahPh]            StepMonitoring 98   | CURVES
INFO  [nON9ahPh]              SlursBuilder 240  | Slurs: 2
INFO  [nON9ahPh]           SegmentsBuilder 155  | Segments: 0
INFO  [nON9ahPh]            StepMonitoring 98   | SYMBOLS
INFO  [nON9ahPh]            StepMonitoring 98   | LINKS
INFO  [nON9ahPh]            StepMonitoring 98   | RHYTHMS
INFO  [nON9ahPh]             MeasureRhythm 1045 | Measure{#1} No timeOffset for HeadChordInter#532{(0.950/0.950) staff:1 slot#5 dur:1/8}
INFO  [nON9ahPh]        AbstractChordInter 627  | Measure{#1} No timeOffset for HeadChordInter#533{(0.953/0.953) staff:1 slot#6 dur:1/8}
INFO  [nON9ahPh]        AbstractChordInter 627  | Measure{#1} No timeOffset for HeadChordInter#534{(0.949/0.949) staff:1 slot#7 dur:1/4}
INFO  [nON9ahPh]               StackRhythm 224  | S1 MeasureStack#1 no correct rhythm
INFO  [nON9ahPh]             MeasureRhythm 1045 | Measure{#2} No timeOffset for HeadChordInter#540{(0.956/0.956) staff:1 slot#5 dur:1/8}
INFO  [nON9ahPh]        AbstractChordInter 627  | Measure{#2} No timeOffset for HeadChordInter#541{(0.955/0.955) staff:1 slot#6 dur:1/8}
INFO  [nON9ahPh]        AbstractChordInter 627  | Measure{#2} No timeOffset for HeadChordInter#543{(0.951/0.951) staff:1 slot#8 dur:1/8}
INFO  [nON9ahPh]               StackRhythm 224  | S1 MeasureStack#2 no correct rhythm
INFO  [nON9ahPh]             MeasureRhythm 1045 | Measure{#3} No timeOffset for RestChordInter#750{(0.793/0.793) staff:1 slot#5 dur:1/4}
INFO  [nON9ahPh]        AbstractChordInter 627  | Measure{#3} No timeOffset for RestChordInter#750{(0.793/0.793) staff:1 slot#5 dur:1/4}
INFO  [nON9ahPh]               StackRhythm 224  | S1 MeasureStack#3 no correct rhythm
INFO  [nON9ahPh]            StepMonitoring 98   | PAGE
INFO  [nON9ahPh]                      Book 2550 | Book{nON9ahPh} storing
INFO  [nON9ahPh]                      Book 2531 | Stored /book.xml
INFO  [nON9ahPh]                DataHolder 348  | Stored /sheet#1/BINARY.png
INFO  [nON9ahPh]                     Sheet 1562 | Stored /sheet#1/sheet#1.xml
INFO  [nON9ahPh]                      Book 2491 | Book stored as out_omr/musicxml/nON9ahPh.omr
INFO  [nON9ahPh]                 SheetStub 1644 | Disposed sheet
INFO  [nON9ahPh]                      Book 2018 | End of Stub#1 memory: 31,447,632
INFO  [nON9ahPh]                      Book 2025 | Book processed.
INFO  [nON9ahPh]                 SheetStub 995  | Loaded /sheet#1/sheet#1.xml
INFO  [nON9ahPh]           PartwiseBuilder 2661 | Exporting sheet(s): [#1]
INFO  [nON9ahPh]             ScoreExporter 164  | Score nON9ahPh exported to out_omr/musicxml/nON9ahPh.mxl
INFO  [nON9ahPh]                     Score 181  | Closing {Score 1}
