INFO  []                       CLI 281  | CLI args: [-batch, -export, -output, out_omr/musicxml, out_omr/images/NScujS1A.png]
INFO  []              TesseractOCR 121  | TESSDATA_PREFIX: null
INFO  []                      Main 416  | Environment:
- Audiveris:    5.7.0:290525b
- OS:           Mac OS X 15.3.2
- Architecture: aarch64
- Java VM:      OpenJDK 64-Bit Server VM (build 24.0.2+12, mixed mode)
- OCR Engine:   Tesseract OCR, version 5.5.1
INFO  []             AliasPatterns 134  | Alias patterns: [(IMSLP[0-9]*)-.*]
INFO  []                      Main 247  | Running in batch mode
WARN  []                 Languages 142  | *** No installed OCR languages ***
INFO  []                      Main 193  | Submitting 1 task(s) in sequence:
    Input "/Users/noamshamir/Documents/ind_proj/scripts/scraping/out_omr/images/NScujS1A.png"
INFO  [NScujS1A]                      Book 562  | 1 sheet in /Users/noamshamir/Documents/ind_proj/scripts/scraping/out_omr/images/NScujS1A.png
INFO  []                      Book 2531 | Stored /book.xml
INFO  []                      Book 2491 | Book stored as out_omr/musicxml/NScujS1A.omr
INFO  []                      Book 1933 | Book reaching PAGE on sheets:[#1]
INFO  [NScujS1A]            StepMonitoring 98   | LOAD
INFO  [NScujS1A]                 SheetStub 1268 | Loaded image #1 1970x230 from /Users/noamshamir/Documents/ind_proj/scripts/scraping/out_omr/images/NScujS1A.png
INFO  [NScujS1A]            StepMonitoring 98   | BINARY
INFO  [NScujS1A]            StepMonitoring 98   | SCALE
INFO  [NScujS1A]              ScaleBuilder 241  | Beam  guessed height: 10 -- 0.50 of 21 interline
INFO  [NScujS1A]              ScaleBuilder 264  | Beam measured height: 11 -- 0.33 of [6..21] range at 586% of needed quorum
INFO  [NScujS1A]                 ScaleStep 65   | Scale{ interline(20,21,21) line(3,3,5) beam(11)}
INFO  [NScujS1A]            StepMonitoring 98   | GRID
INFO  [NScujS1A]            LinesRetriever 1500 | Global slope: 0.00000
INFO  [NScujS1A]         ClustersRetriever 328  | Retrieved raw line clusters: 1 of sizes [5] with interline(20,21,21)
INFO  [NScujS1A]                 PeakGraph 310  | Systems: #1[1]
INFO  [NScujS1A]             SystemManager 779  | 1 part along 1 system
INFO  [NScujS1A]                      Book 545  | Created scores: [{Score 1}]
INFO  [NScujS1A]            StepMonitoring 98   | HEADERS
INFO  [NScujS1A]           BasicClassifier 277  | Classifier loaded XML norms.
INFO  [NScujS1A]        AbstractClassifier 396  | Classifier data loaded from default uri jar:file:/Applications/Audiveris.app/Contents/app/audiveris.jar!/res/basic-classifier.zip
INFO  [NScujS1A]            StepMonitoring 98   | STEM_SEEDS
INFO  [NScujS1A]             StemSeedsStep 86   | stem(4 max:5)
INFO  [NScujS1A]            StepMonitoring 98   | BEAMS
INFO  [NScujS1A]            StepMonitoring 98   | LEDGERS
INFO  [NScujS1A]            StepMonitoring 98   | HEADS
INFO  [NScujS1A]             HeadSeedTally 235  | Scale information: HeadSeeds{NOTEHEAD_BLACK[L:-0.7,R:-0.8]}
INFO  [NScujS1A]            StepMonitoring 98   | STEMS
INFO  [NScujS1A]            StepMonitoring 98   | REDUCTION
INFO  [NScujS1A]             ReductionStep 105  | Stems free length median value: 70 pixels, 3.3 interlines
INFO  [NScujS1A]            StepMonitoring 98   | CUE_BEAMS
INFO  [NScujS1A]              CueBeamsStep 81   | Step CUE_BEAMS is skipped because small heads switch is off
INFO  [NScujS1A]            StepMonitoring 98   | TEXTS
WARN  [NScujS1A]              TesseractOCR 335  | The collection of supported languages is empty
INFO  [NScujS1A]                   OcrUtil 106  | Missing support for 'eng' language(s)
INFO  [NScujS1A]            StepMonitoring 98   | MEASURES
INFO  [NScujS1A]                      Page 307  | 4 raw measures: [4 in system#1]
INFO  [NScujS1A]            StepMonitoring 98   | CHORDS
INFO  [NScujS1A]            StepMonitoring 98   | CURVES
INFO  [NScujS1A]              SlursBuilder 240  | Slurs: 0
INFO  [NScujS1A]           SegmentsBuilder 155  | Segments: 0
INFO  [NScujS1A]            StepMonitoring 98   | SYMBOLS
INFO  [NScujS1A]            StepMonitoring 98   | LINKS
INFO  [NScujS1A]            StepMonitoring 98   | RHYTHMS
INFO  [NScujS1A]             MeasureRhythm 1045 | Measure{#1} No timeOffset for HeadChordInter#727{(0.948/0.948) staff:1 slot#6 dur:1/8}
INFO  [NScujS1A]        AbstractChordInter 627  | Measure{#1} No timeOffset for HeadChordInter#728{(0.925/0.925) staff:1 slot#7 dur:1/8}
INFO  [NScujS1A]        AbstractChordInter 627  | Measure{#1} No timeOffset for HeadChordInter#730{(0.948/0.948) staff:1 slot#9 dur:1/8}
INFO  [NScujS1A]               StackRhythm 224  | S1 MeasureStack#1 no correct rhythm
INFO  [NScujS1A]             MeasureRhythm 1045 | Measure{#2} No timeOffset for HeadChordInter#737{(0.950/0.950) staff:1 slot#5 dur:1/8}
INFO  [NScujS1A]        AbstractChordInter 627  | Measure{#2} No timeOffset for HeadChordInter#738{(0.914/0.914) staff:1 slot#6 dur:1/8}
INFO  [NScujS1A]        AbstractChordInter 627  | Measure{#2} No timeOffset for HeadChordInter#740{(0.948/0.948) staff:1 slot#8 dur:1/8}
INFO  [NScujS1A]               StackRhythm 224  | S1 MeasureStack#2 no correct rhythm
INFO  [NScujS1A]             MeasureRhythm 1045 | Measure{#3} No timeOffset for HeadChordInter#747{(0.924/0.924) staff:1 slot#5 dur:1/8}
INFO  [NScujS1A]        AbstractChordInter 627  | Measure{#3} No timeOffset for HeadChordInter#748{(0.956/0.956) staff:1 slot#6 dur:1/8}
INFO  [NScujS1A]        AbstractChordInter 627  | Measure{#3} No timeOffset for HeadChordInter#751{(0.916/0.916) staff:1 slot#9 dur:1/12}
INFO  [NScujS1A]               StackRhythm 224  | S1 MeasureStack#3 no correct rhythm
INFO  [NScujS1A]             MeasureRhythm 1045 | Measure{#4} No timeOffset for RestChordInter#890{(0.798/0.798) staff:1 slot#2 dur:1/2}
INFO  [NScujS1A]                     Voice 257  | Measure{#4} Voice{#1 excess:1/4} too long
INFO  [NScujS1A]               StackRhythm 224  | S1 MeasureStack#4 no correct rhythm
INFO  [NScujS1A]            StepMonitoring 98   | PAGE
INFO  [NScujS1A]                     Voice 257  | Measure{#4} Voice{#1 excess:1/4} too long
INFO  [NScujS1A]                      Book 2550 | Book{NScujS1A} storing
INFO  [NScujS1A]                      Book 2531 | Stored /book.xml
INFO  [NScujS1A]                DataHolder 348  | Stored /sheet#1/BINARY.png
INFO  [NScujS1A]                     Sheet 1562 | Stored /sheet#1/sheet#1.xml
INFO  [NScujS1A]                      Book 2491 | Book stored as out_omr/musicxml/NScujS1A.omr
INFO  [NScujS1A]                 SheetStub 1644 | Disposed sheet
INFO  [NScujS1A]                      Book 2018 | End of Stub#1 memory: 31,415,752
INFO  [NScujS1A]                      Book 2025 | Book processed.
INFO  [NScujS1A]                 SheetStub 995  | Loaded /sheet#1/sheet#1.xml
INFO  [NScujS1A]           PartwiseBuilder 2661 | Exporting sheet(s): [#1]
INFO  [NScujS1A]             ScoreExporter 164  | Score NScujS1A exported to out_omr/musicxml/NScujS1A.mxl
INFO  [NScujS1A]                     Score 181  | Closing {Score 1}
