INFO  []                       CLI 281  | CLI args: [-batch, -export, -output, out_omr/musicxml, out_omr/images/oMqDZeb0.png]
INFO  []              TesseractOCR 121  | TESSDATA_PREFIX: null
INFO  []                      Main 416  | Environment:
- Audiveris:    5.7.0:290525b
- OS:           Mac OS X 15.3.2
- Architecture: aarch64
- Java VM:      OpenJDK 64-Bit Server VM (build 24.0.2+12, mixed mode)
- OCR Engine:   Tesseract OCR, version 5.5.1
INFO  []             AliasPatterns 134  | Alias patterns: [(IMSLP[0-9]*)-.*]
INFO  []                      Main 247  | Running in batch mode
WARN  []                 Languages 142  | *** No installed OCR languages ***
INFO  []                      Main 193  | Submitting 1 task(s) in sequence:
    Input "/Users/noamshamir/Documents/ind_proj/scripts/scraping/out_omr/images/oMqDZeb0.png"
INFO  [oMqDZeb0]                      Book 562  | 1 sheet in /Users/noamshamir/Documents/ind_proj/scripts/scraping/out_omr/images/oMqDZeb0.png
INFO  []                      Book 2531 | Stored /book.xml
INFO  []                      Book 2491 | Book stored as out_omr/musicxml/oMqDZeb0.omr
INFO  []                      Book 1933 | Book reaching PAGE on sheets:[#1]
INFO  [oMqDZeb0]            StepMonitoring 98   | LOAD
INFO  [oMqDZeb0]                 SheetStub 1268 | Loaded image #1 1970x235 from /Users/noamshamir/Documents/ind_proj/scripts/scraping/out_omr/images/oMqDZeb0.png
INFO  [oMqDZeb0]            StepMonitoring 98   | BINARY
INFO  [oMqDZeb0]            StepMonitoring 98   | SCALE
INFO  [oMqDZeb0]              ScaleBuilder 241  | Beam  guessed height: 10 -- 0.50 of 21 interline
INFO  [oMqDZeb0]              ScaleBuilder 264  | Beam measured height: 11 -- 0.33 of [6..21] range at 590% of needed quorum
INFO  [oMqDZeb0]                 ScaleStep 65   | Scale{ interline(20,21,21) line(3,3,5) beam(11)}
INFO  [oMqDZeb0]            StepMonitoring 98   | GRID
INFO  [oMqDZeb0]            LinesRetriever 1500 | Global slope: 0.00000
INFO  [oMqDZeb0]         ClustersRetriever 328  | Retrieved raw line clusters: 1 of sizes [5] with interline(20,21,21)
INFO  [oMqDZeb0]                 PeakGraph 310  | Systems: #1[1]
INFO  [oMqDZeb0]             SystemManager 779  | 1 part along 1 system
INFO  [oMqDZeb0]                      Book 545  | Created scores: [{Score 1}]
INFO  [oMqDZeb0]            StepMonitoring 98   | HEADERS
INFO  [oMqDZeb0]           BasicClassifier 277  | Classifier loaded XML norms.
INFO  [oMqDZeb0]        AbstractClassifier 396  | Classifier data loaded from default uri jar:file:/Applications/Audiveris.app/Contents/app/audiveris.jar!/res/basic-classifier.zip
INFO  [oMqDZeb0]            StepMonitoring 98   | STEM_SEEDS
INFO  [oMqDZeb0]             StemSeedsStep 86   | stem(4 max:5)
INFO  [oMqDZeb0]            StepMonitoring 98   | BEAMS
INFO  [oMqDZeb0]            StepMonitoring 98   | LEDGERS
INFO  [oMqDZeb0]            StepMonitoring 98   | HEADS
INFO  [oMqDZeb0]             HeadSeedTally 235  | Scale information: HeadSeeds{NOTEHEAD_BLACK[L:-0.5,R:-0.8]}
INFO  [oMqDZeb0]            StepMonitoring 98   | STEMS
INFO  [oMqDZeb0]            StepMonitoring 98   | REDUCTION
INFO  [oMqDZeb0]             ReductionStep 105  | Stems free length median value: 73 pixels, 3.5 interlines
INFO  [oMqDZeb0]            StepMonitoring 98   | CUE_BEAMS
INFO  [oMqDZeb0]              CueBeamsStep 81   | Step CUE_BEAMS is skipped because small heads switch is off
INFO  [oMqDZeb0]            StepMonitoring 98   | TEXTS
WARN  [oMqDZeb0]              TesseractOCR 335  | The collection of supported languages is empty
INFO  [oMqDZeb0]                   OcrUtil 106  | Missing support for 'eng' language(s)
INFO  [oMqDZeb0]            StepMonitoring 98   | MEASURES
INFO  [oMqDZeb0]                      Page 307  | 4 raw measures: [4 in system#1]
INFO  [oMqDZeb0]            StepMonitoring 98   | CHORDS
INFO  [oMqDZeb0]            StepMonitoring 98   | CURVES
INFO  [oMqDZeb0]              SlursBuilder 240  | Slurs: 0
INFO  [oMqDZeb0]           SegmentsBuilder 155  | Segments: 0
INFO  [oMqDZeb0]            StepMonitoring 98   | SYMBOLS
INFO  [oMqDZeb0]            StepMonitoring 98   | LINKS
INFO  [oMqDZeb0]            StepMonitoring 98   | RHYTHMS
INFO  [oMqDZeb0]             MeasureRhythm 1045 | Measure{#2} No timeOffset for HeadChordInter#581{(0.943/0.943) staff:1 slot#5 dur:1/12}
INFO  [oMqDZeb0]        AbstractChordInter 627  | Measure{#2} No timeOffset for HeadChordInter#583{(0.951/0.951) staff:1 slot#7 dur:1/12}
INFO  [oMqDZeb0]        AbstractChordInter 627  | Measure{#2} No timeOffset for HeadChordInter#585{(0.950/0.950) staff:1 slot#9 dur:1/8}
INFO  [oMqDZeb0]               StackRhythm 224  | S1 MeasureStack#2 no correct rhythm
INFO  [oMqDZeb0]             MeasureRhythm 1045 | Measure{#3} No timeOffset for HeadChordInter#588{(0.959/0.959) staff:1 slot#2 dur:1/8}
INFO  [oMqDZeb0]        AbstractChordInter 627  | Measure{#3} No timeOffset for HeadChordInter#589{(0.927/0.927) staff:1 slot#3 dur:1/8}
INFO  [oMqDZeb0]        AbstractChordInter 627  | Measure{#3} No timeOffset for HeadChordInter#591{(0.951/0.951) staff:1 slot#5 dur:1/8}
INFO  [oMqDZeb0]               StackRhythm 224  | S1 MeasureStack#3 no correct rhythm
INFO  [oMqDZeb0]             MeasureRhythm 1045 | Measure{#4} No timeOffset for HeadChordInter#598{(0.949/0.949) staff:1 slot#5 dur:1/4}
INFO  [oMqDZeb0]        AbstractChordInter 627  | Measure{#4} No timeOffset for HeadChordInter#598{(0.949/0.949) staff:1 slot#5 dur:1/4}
INFO  [oMqDZeb0]               StackRhythm 224  | S1 MeasureStack#4 no correct rhythm
INFO  [oMqDZeb0]            StepMonitoring 98   | PAGE
INFO  [oMqDZeb0]                      Book 2550 | Book{oMqDZeb0} storing
INFO  [oMqDZeb0]                      Book 2531 | Stored /book.xml
INFO  [oMqDZeb0]                DataHolder 348  | Stored /sheet#1/BINARY.png
INFO  [oMqDZeb0]                     Sheet 1562 | Stored /sheet#1/sheet#1.xml
INFO  [oMqDZeb0]                      Book 2491 | Book stored as out_omr/musicxml/oMqDZeb0.omr
INFO  [oMqDZeb0]                 SheetStub 1644 | Disposed sheet
INFO  [oMqDZeb0]                      Book 2018 | End of Stub#1 memory: 31,513,536
INFO  [oMqDZeb0]                      Book 2025 | Book processed.
INFO  [oMqDZeb0]                 SheetStub 995  | Loaded /sheet#1/sheet#1.xml
INFO  [oMqDZeb0]           PartwiseBuilder 2661 | Exporting sheet(s): [#1]
INFO  [oMqDZeb0]             ScoreExporter 164  | Score oMqDZeb0 exported to out_omr/musicxml/oMqDZeb0.mxl
INFO  [oMqDZeb0]                     Score 181  | Closing {Score 1}
