INFO  []                       CLI 281  | CLI args: [-batch, -export, -output, out_omr/musicxml, out_omr/images/pEjokbeX.png]
INFO  []              TesseractOCR 121  | TESSDATA_PREFIX: null
INFO  []                      Main 416  | Environment:
- Audiveris:    5.7.0:290525b
- OS:           Mac OS X 15.3.2
- Architecture: aarch64
- Java VM:      OpenJDK 64-Bit Server VM (build 24.0.2+12, mixed mode)
- OCR Engine:   Tesseract OCR, version 5.5.1
INFO  []             AliasPatterns 134  | Alias patterns: [(IMSLP[0-9]*)-.*]
INFO  []                      Main 247  | Running in batch mode
WARN  []                 Languages 142  | *** No installed OCR languages ***
INFO  []                      Main 193  | Submitting 1 task(s) in sequence:
    Input "/Users/noamshamir/Documents/ind_proj/scripts/scraping/out_omr/images/pEjokbeX.png"
INFO  [pEjokbeX]                      Book 562  | 1 sheet in /Users/noamshamir/Documents/ind_proj/scripts/scraping/out_omr/images/pEjokbeX.png
INFO  []                      Book 2531 | Stored /book.xml
INFO  []                      Book 2491 | Book stored as out_omr/musicxml/pEjokbeX.omr
INFO  []                      Book 1933 | Book reaching PAGE on sheets:[#1]
INFO  [pEjokbeX]            StepMonitoring 98   | LOAD
INFO  [pEjokbeX]                 SheetStub 1268 | Loaded image #1 1970x231 from /Users/noamshamir/Documents/ind_proj/scripts/scraping/out_omr/images/pEjokbeX.png
INFO  [pEjokbeX]            StepMonitoring 98   | BINARY
INFO  [pEjokbeX]            StepMonitoring 98   | SCALE
INFO  [pEjokbeX]              ScaleBuilder 241  | Beam  guessed height: 10 -- 0.50 of 21 interline
INFO  [pEjokbeX]              ScaleBuilder 264  | Beam measured height: 11 -- 0.33 of [6..21] range at 744% of needed quorum
INFO  [pEjokbeX]                 ScaleStep 65   | Scale{ interline(20,21,21) line(3,3,3) beam(11)}
INFO  [pEjokbeX]            StepMonitoring 98   | GRID
INFO  [pEjokbeX]            LinesRetriever 1500 | Global slope: 0.00000
INFO  [pEjokbeX]         ClustersRetriever 328  | Retrieved raw line clusters: 1 of sizes [5] with interline(20,21,21)
INFO  [pEjokbeX]                 PeakGraph 310  | Systems: #1[1]
INFO  [pEjokbeX]             SystemManager 779  | 1 part along 1 system
INFO  [pEjokbeX]                      Book 545  | Created scores: [{Score 1}]
INFO  [pEjokbeX]            StepMonitoring 98   | HEADERS
INFO  [pEjokbeX]           BasicClassifier 277  | Classifier loaded XML norms.
INFO  [pEjokbeX]        AbstractClassifier 396  | Classifier data loaded from default uri jar:file:/Applications/Audiveris.app/Contents/app/audiveris.jar!/res/basic-classifier.zip
INFO  [pEjokbeX]            StepMonitoring 98   | STEM_SEEDS
INFO  [pEjokbeX]             StemSeedsStep 86   | stem(4 max:5)
INFO  [pEjokbeX]            StepMonitoring 98   | BEAMS
INFO  [pEjokbeX]            StepMonitoring 98   | LEDGERS
INFO  [pEjokbeX]            StepMonitoring 98   | HEADS
INFO  [pEjokbeX]             HeadSeedTally 235  | Scale information: HeadSeeds{NOTEHEAD_BLACK[L:-1.0,R:-0.7]}
INFO  [pEjokbeX]            StepMonitoring 98   | STEMS
INFO  [pEjokbeX]            StepMonitoring 98   | REDUCTION
INFO  [pEjokbeX]             ReductionStep 105  | Stems free length median value: 73 pixels, 3.5 interlines
INFO  [pEjokbeX]            StepMonitoring 98   | CUE_BEAMS
INFO  [pEjokbeX]              CueBeamsStep 81   | Step CUE_BEAMS is skipped because small heads switch is off
INFO  [pEjokbeX]            StepMonitoring 98   | TEXTS
WARN  [pEjokbeX]              TesseractOCR 335  | The collection of supported languages is empty
INFO  [pEjokbeX]                   OcrUtil 106  | Missing support for 'eng' language(s)
INFO  [pEjokbeX]            StepMonitoring 98   | MEASURES
INFO  [pEjokbeX]                      Page 307  | 3 raw measures: [3 in system#1]
INFO  [pEjokbeX]            StepMonitoring 98   | CHORDS
INFO  [pEjokbeX]            StepMonitoring 98   | CURVES
INFO  [pEjokbeX]              SlursBuilder 240  | Slurs: 0
INFO  [pEjokbeX]           SegmentsBuilder 155  | Segments: 0
INFO  [pEjokbeX]            StepMonitoring 98   | SYMBOLS
INFO  [pEjokbeX]            StepMonitoring 98   | LINKS
INFO  [pEjokbeX]            StepMonitoring 98   | RHYTHMS
INFO  [pEjokbeX]             MeasureRhythm 1045 | Measure{#3} No timeOffset for HeadChordInter#620{(0.570/0.570) staff:1 slot#8 dur:1/2}
INFO  [pEjokbeX]        AbstractChordInter 627  | Measure{#3} No timeOffset for HeadChordInter#620{(0.570/0.570) staff:1 slot#8 dur:1/2}
INFO  [pEjokbeX]        AbstractChordInter 627  | Measure{#3} No timeOffset for HeadChordInter#621{(0.944/0.944) staff:1 slot#9 dur:1/4}
INFO  [pEjokbeX]        AbstractChordInter 627  | Measure{#3} No timeOffset for HeadChordInter#622{(0.945/0.945) staff:1 slot#10 dur:1/4}
INFO  [pEjokbeX]        AbstractChordInter 627  | Measure{#3} No timeOffset for HeadChordInter#624{(0.956/0.956) staff:1 slot#12 dur:1/8}
INFO  [pEjokbeX]               StackRhythm 224  | S1 MeasureStack#3 no correct rhythm
INFO  [pEjokbeX]            StepMonitoring 98   | PAGE
INFO  [pEjokbeX]                      Book 2550 | Book{pEjokbeX} storing
INFO  [pEjokbeX]                      Book 2531 | Stored /book.xml
INFO  [pEjokbeX]                DataHolder 348  | Stored /sheet#1/BINARY.png
INFO  [pEjokbeX]                     Sheet 1562 | Stored /sheet#1/sheet#1.xml
INFO  [pEjokbeX]                      Book 2491 | Book stored as out_omr/musicxml/pEjokbeX.omr
INFO  [pEjokbeX]                 SheetStub 1644 | Disposed sheet
INFO  [pEjokbeX]                      Book 2018 | End of Stub#1 memory: 31,535,632
INFO  [pEjokbeX]                      Book 2025 | Book processed.
INFO  [pEjokbeX]                 SheetStub 995  | Loaded /sheet#1/sheet#1.xml
INFO  [pEjokbeX]           PartwiseBuilder 2661 | Exporting sheet(s): [#1]
INFO  [pEjokbeX]             ScoreExporter 164  | Score pEjokbeX exported to out_omr/musicxml/pEjokbeX.mxl
INFO  [pEjokbeX]                     Score 181  | Closing {Score 1}
