INFO  []                       CLI 281  | CLI args: [-batch, -export, -output, out_omr/musicxml, out_omr/images/QWreO0Xf.png]
INFO  []              TesseractOCR 121  | TESSDATA_PREFIX: null
INFO  []                      Main 416  | Environment:
- Audiveris:    5.7.0:290525b
- OS:           Mac OS X 15.3.2
- Architecture: aarch64
- Java VM:      OpenJDK 64-Bit Server VM (build 24.0.2+12, mixed mode)
- OCR Engine:   Tesseract OCR, version 5.5.1
INFO  []             AliasPatterns 134  | Alias patterns: [(IMSLP[0-9]*)-.*]
INFO  []                      Main 247  | Running in batch mode
WARN  []                 Languages 142  | *** No installed OCR languages ***
INFO  []                      Main 193  | Submitting 1 task(s) in sequence:
    Input "/Users/noamshamir/Documents/ind_proj/scripts/scraping/out_omr/images/QWreO0Xf.png"
INFO  [QWreO0Xf]                      Book 562  | 1 sheet in /Users/noamshamir/Documents/ind_proj/scripts/scraping/out_omr/images/QWreO0Xf.png
INFO  []                      Book 2531 | Stored /book.xml
INFO  []                      Book 2491 | Book stored as out_omr/musicxml/QWreO0Xf.omr
INFO  []                      Book 1933 | Book reaching PAGE on sheets:[#1]
INFO  [QWreO0Xf]            StepMonitoring 98   | LOAD
INFO  [QWreO0Xf]                 SheetStub 1268 | Loaded image #1 1970x211 from /Users/noamshamir/Documents/ind_proj/scripts/scraping/out_omr/images/QWreO0Xf.png
INFO  [QWreO0Xf]            StepMonitoring 98   | BINARY
INFO  [QWreO0Xf]            StepMonitoring 98   | SCALE
INFO  [QWreO0Xf]              ScaleBuilder 241  | Beam  guessed height: 10 -- 0.50 of 21 interline
INFO  [QWreO0Xf]              ScaleBuilder 264  | Beam measured height: 11 -- 0.33 of [6..21] range at 520% of needed quorum
INFO  [QWreO0Xf]                 ScaleStep 65   | Scale{ interline(20,21,21) line(3,3,5) beam(11)}
INFO  [QWreO0Xf]            StepMonitoring 98   | GRID
INFO  [QWreO0Xf]            LinesRetriever 1500 | Global slope: 0.00000
INFO  [QWreO0Xf]         ClustersRetriever 328  | Retrieved raw line clusters: 1 of sizes [5] with interline(20,21,21)
INFO  [QWreO0Xf]                 PeakGraph 310  | Systems: #1[1]
INFO  [QWreO0Xf]             SystemManager 779  | 1 part along 1 system
INFO  [QWreO0Xf]                      Book 545  | Created scores: [{Score 1}]
INFO  [QWreO0Xf]            StepMonitoring 98   | HEADERS
INFO  [QWreO0Xf]           BasicClassifier 277  | Classifier loaded XML norms.
INFO  [QWreO0Xf]        AbstractClassifier 396  | Classifier data loaded from default uri jar:file:/Applications/Audiveris.app/Contents/app/audiveris.jar!/res/basic-classifier.zip
INFO  [QWreO0Xf]            StepMonitoring 98   | STEM_SEEDS
INFO  [QWreO0Xf]             StemSeedsStep 86   | stem(4 max:5)
INFO  [QWreO0Xf]            StepMonitoring 98   | BEAMS
INFO  [QWreO0Xf]            StepMonitoring 98   | LEDGERS
INFO  [QWreO0Xf]            StepMonitoring 98   | HEADS
INFO  [QWreO0Xf]             HeadSeedTally 235  | Scale information: HeadSeeds{NOTEHEAD_BLACK[L:-0.6]}
INFO  [QWreO0Xf]            StepMonitoring 98   | STEMS
INFO  [QWreO0Xf]            StepMonitoring 98   | REDUCTION
INFO  [QWreO0Xf]             ReductionStep 105  | Stems free length median value: 74 pixels, 3.5 interlines
INFO  [QWreO0Xf]            StepMonitoring 98   | CUE_BEAMS
INFO  [QWreO0Xf]              CueBeamsStep 81   | Step CUE_BEAMS is skipped because small heads switch is off
INFO  [QWreO0Xf]            StepMonitoring 98   | TEXTS
WARN  [QWreO0Xf]              TesseractOCR 335  | The collection of supported languages is empty
INFO  [QWreO0Xf]                   OcrUtil 106  | Missing support for 'eng' language(s)
INFO  [QWreO0Xf]            StepMonitoring 98   | MEASURES
INFO  [QWreO0Xf]                      Page 307  | 3 raw measures: [3 in system#1]
INFO  [QWreO0Xf]            StepMonitoring 98   | CHORDS
INFO  [QWreO0Xf]            StepMonitoring 98   | CURVES
INFO  [QWreO0Xf]              SlursBuilder 240  | Slurs: 1
INFO  [QWreO0Xf]           SegmentsBuilder 155  | Segments: 5
INFO  [QWreO0Xf]            StepMonitoring 98   | SYMBOLS
INFO  [QWreO0Xf]            StepMonitoring 98   | LINKS
INFO  [QWreO0Xf]            StepMonitoring 98   | RHYTHMS
INFO  [QWreO0Xf]             MeasureRhythm 1045 | Measure{#1} No timeOffset for HeadChordInter#507{(0.956/0.956) staff:1 slot#5 dur:1/8}
INFO  [QWreO0Xf]        AbstractChordInter 627  | Measure{#1} No timeOffset for HeadChordInter#508{(0.957/0.957) staff:1 slot#6 dur:1/8}
INFO  [QWreO0Xf]        AbstractChordInter 627  | Measure{#1} No timeOffset for HeadChordInter#511{(0.948/0.948) staff:1 slot#9 dur:1/12}
INFO  [QWreO0Xf]               StackRhythm 224  | S1 MeasureStack#1 no correct rhythm
INFO  [QWreO0Xf]             MeasureRhythm 1045 | Measure{#2} No timeOffset for HeadChordInter#518{(0.950/0.950) staff:1 slot#5 dur:1/8}
INFO  [QWreO0Xf]        AbstractChordInter 627  | Measure{#2} No timeOffset for HeadChordInter#519{(0.954/0.954) staff:1 slot#6 dur:1/8}
INFO  [QWreO0Xf]        AbstractChordInter 627  | Measure{#2} No timeOffset for HeadChordInter#520{(0.951/0.951) staff:1 slot#7 dur:1/4}
INFO  [QWreO0Xf]               StackRhythm 224  | S1 MeasureStack#2 no correct rhythm
INFO  [QWreO0Xf]             MeasureRhythm 1045 | Measure{#3} No timeOffset for RestChordInter#638{(0.793/0.793) staff:1 slot#2 dur:1/4}
INFO  [QWreO0Xf]        AbstractChordInter 627  | Measure{#3} No timeOffset for RestChordInter#638{(0.793/0.793) staff:1 slot#2 dur:1/4}
INFO  [QWreO0Xf]               StackRhythm 224  | S1 MeasureStack#3 no correct rhythm
INFO  [QWreO0Xf]            StepMonitoring 98   | PAGE
INFO  [QWreO0Xf]                      Book 2550 | Book{QWreO0Xf} storing
INFO  [QWreO0Xf]                      Book 2531 | Stored /book.xml
INFO  [QWreO0Xf]                DataHolder 348  | Stored /sheet#1/BINARY.png
INFO  [QWreO0Xf]                     Sheet 1562 | Stored /sheet#1/sheet#1.xml
INFO  [QWreO0Xf]                      Book 2491 | Book stored as out_omr/musicxml/QWreO0Xf.omr
INFO  [QWreO0Xf]                 SheetStub 1644 | Disposed sheet
INFO  [QWreO0Xf]                      Book 2018 | End of Stub#1 memory: 31,509,232
INFO  [QWreO0Xf]                      Book 2025 | Book processed.
INFO  [QWreO0Xf]                 SheetStub 995  | Loaded /sheet#1/sheet#1.xml
INFO  [QWreO0Xf]           PartwiseBuilder 2661 | Exporting sheet(s): [#1]
INFO  [QWreO0Xf]             ScoreExporter 164  | Score QWreO0Xf exported to out_omr/musicxml/QWreO0Xf.mxl
INFO  [QWreO0Xf]                     Score 181  | Closing {Score 1}
