INFO  []                       CLI 281  | CLI args: [-batch, -export, -output, out_omr/musicxml, out_omr/images/UBVLMAh8.png]
INFO  []              TesseractOCR 121  | TESSDATA_PREFIX: null
INFO  []                      Main 416  | Environment:
- Audiveris:    5.7.0:290525b
- OS:           Mac OS X 15.3.2
- Architecture: aarch64
- Java VM:      OpenJDK 64-Bit Server VM (build 24.0.2+12, mixed mode)
- OCR Engine:   Tesseract OCR, version 5.5.1
INFO  []             AliasPatterns 134  | Alias patterns: [(IMSLP[0-9]*)-.*]
INFO  []                      Main 247  | Running in batch mode
WARN  []                 Languages 142  | *** No installed OCR languages ***
INFO  []                      Main 193  | Submitting 1 task(s) in sequence:
    Input "/Users/noamshamir/Documents/ind_proj/scripts/scraping/out_omr/images/UBVLMAh8.png"
INFO  [UBVLMAh8]                      Book 562  | 1 sheet in /Users/noamshamir/Documents/ind_proj/scripts/scraping/out_omr/images/UBVLMAh8.png
INFO  []                      Book 2531 | Stored /book.xml
INFO  []                      Book 2491 | Book stored as out_omr/musicxml/UBVLMAh8.omr
INFO  []                      Book 1933 | Book reaching PAGE on sheets:[#1]
INFO  [UBVLMAh8]            StepMonitoring 98   | LOAD
INFO  [UBVLMAh8]                 SheetStub 1268 | Loaded image #1 1970x209 from /Users/noamshamir/Documents/ind_proj/scripts/scraping/out_omr/images/UBVLMAh8.png
INFO  [UBVLMAh8]            StepMonitoring 98   | BINARY
INFO  [UBVLMAh8]            StepMonitoring 98   | SCALE
INFO  [UBVLMAh8]              ScaleBuilder 241  | Beam  guessed height: 10 -- 0.50 of 21 interline
INFO  [UBVLMAh8]              ScaleBuilder 264  | Beam measured height: 11 -- 0.33 of [6..21] range at 581% of needed quorum
INFO  [UBVLMAh8]                 ScaleStep 65   | Scale{ interline(20,21,21) line(3,3,3) beam(11)}
INFO  [UBVLMAh8]            StepMonitoring 98   | GRID
INFO  [UBVLMAh8]            LinesRetriever 1500 | Global slope: 0.00000
INFO  [UBVLMAh8]         ClustersRetriever 328  | Retrieved raw line clusters: 1 of sizes [5] with interline(20,21,21)
INFO  [UBVLMAh8]                 PeakGraph 310  | Systems: #1[1]
INFO  [UBVLMAh8]             SystemManager 779  | 1 part along 1 system
INFO  [UBVLMAh8]                      Book 545  | Created scores: [{Score 1}]
INFO  [UBVLMAh8]            StepMonitoring 98   | HEADERS
INFO  [UBVLMAh8]           BasicClassifier 277  | Classifier loaded XML norms.
INFO  [UBVLMAh8]        AbstractClassifier 396  | Classifier data loaded from default uri jar:file:/Applications/Audiveris.app/Contents/app/audiveris.jar!/res/basic-classifier.zip
INFO  [UBVLMAh8]            StepMonitoring 98   | STEM_SEEDS
INFO  [UBVLMAh8]             StemSeedsStep 86   | stem(4 max:5)
INFO  [UBVLMAh8]            StepMonitoring 98   | BEAMS
INFO  [UBVLMAh8]            StepMonitoring 98   | LEDGERS
INFO  [UBVLMAh8]            StepMonitoring 98   | HEADS
INFO  [UBVLMAh8]             HeadSeedTally 235  | Scale information: HeadSeeds{NOTEHEAD_BLACK[R:-0.8]}
INFO  [UBVLMAh8]            StepMonitoring 98   | STEMS
INFO  [UBVLMAh8]            StepMonitoring 98   | REDUCTION
INFO  [UBVLMAh8]             ReductionStep 105  | Stems free length median value: 84 pixels, 4.0 interlines
INFO  [UBVLMAh8]            StepMonitoring 98   | CUE_BEAMS
INFO  [UBVLMAh8]              CueBeamsStep 81   | Step CUE_BEAMS is skipped because small heads switch is off
INFO  [UBVLMAh8]            StepMonitoring 98   | TEXTS
WARN  [UBVLMAh8]              TesseractOCR 335  | The collection of supported languages is empty
INFO  [UBVLMAh8]                   OcrUtil 106  | Missing support for 'eng' language(s)
INFO  [UBVLMAh8]            StepMonitoring 98   | MEASURES
INFO  [UBVLMAh8]                      Page 307  | 5 raw measures: [5 in system#1]
INFO  [UBVLMAh8]            StepMonitoring 98   | CHORDS
INFO  [UBVLMAh8]            StepMonitoring 98   | CURVES
INFO  [UBVLMAh8]              SlursBuilder 240  | Slurs: 0
INFO  [UBVLMAh8]           SegmentsBuilder 155  | Segments: 0
INFO  [UBVLMAh8]            StepMonitoring 98   | SYMBOLS
INFO  [UBVLMAh8]            StepMonitoring 98   | LINKS
INFO  [UBVLMAh8]            StepMonitoring 98   | RHYTHMS
INFO  [UBVLMAh8]             MeasureRhythm 1045 | Measure{#2} No timeOffset for HeadChordInter#735{(0.957/0.957) staff:1 slot#5 dur:1/8}
INFO  [UBVLMAh8]        AbstractChordInter 627  | Measure{#2} No timeOffset for HeadChordInter#736{(0.950/0.950) staff:1 slot#6 dur:1/8}
INFO  [UBVLMAh8]        AbstractChordInter 627  | Measure{#2} No timeOffset for HeadChordInter#738{(0.950/0.950) staff:1 slot#8 dur:1/8}
INFO  [UBVLMAh8]               StackRhythm 224  | S1 MeasureStack#2 no correct rhythm
INFO  [UBVLMAh8]             MeasureRhythm 1045 | Measure{#3} No timeOffset for HeadChordInter#745{(0.935/0.935) staff:1 slot#5 dur:1/8}
INFO  [UBVLMAh8]        AbstractChordInter 627  | Measure{#3} No timeOffset for HeadChordInter#746{(0.963/0.963) staff:1 slot#6 dur:1/8}
INFO  [UBVLMAh8]        AbstractChordInter 627  | Measure{#3} No timeOffset for HeadChordInter#748{(0.939/0.939) staff:1 slot#8 dur:1/8}
INFO  [UBVLMAh8]               StackRhythm 224  | S1 MeasureStack#3 no correct rhythm
INFO  [UBVLMAh8]             MeasureRhythm 1045 | Measure{#4} No timeOffset for HeadChordInter#756{(0.950/0.950) staff:1 slot#5 dur:1/8}
INFO  [UBVLMAh8]        AbstractChordInter 627  | Measure{#4} No timeOffset for HeadChordInter#757{(0.956/0.956) staff:1 slot#6 dur:1/8}
INFO  [UBVLMAh8]        AbstractChordInter 627  | Measure{#4} No timeOffset for HeadChordInter#759{(0.921/0.921) staff:1 slot#8 dur:1/8}
INFO  [UBVLMAh8]               StackRhythm 224  | S1 MeasureStack#4 no correct rhythm
INFO  [UBVLMAh8]             MeasureRhythm 1045 | Measure{#5} No timeOffset for RestChordInter#897{(0.798/0.798) staff:1 slot#2 dur:1/2}
INFO  [UBVLMAh8]                     Voice 257  | Measure{#5} Voice{#1 excess:1/4} too long
INFO  [UBVLMAh8]               StackRhythm 224  | S1 MeasureStack#5 no correct rhythm
INFO  [UBVLMAh8]            StepMonitoring 98   | PAGE
INFO  [UBVLMAh8]                     Voice 257  | Measure{#5} Voice{#1 excess:1/4} too long
INFO  [UBVLMAh8]                      Book 2550 | Book{UBVLMAh8} storing
INFO  [UBVLMAh8]                      Book 2531 | Stored /book.xml
INFO  [UBVLMAh8]                DataHolder 348  | Stored /sheet#1/BINARY.png
INFO  [UBVLMAh8]                     Sheet 1562 | Stored /sheet#1/sheet#1.xml
INFO  [UBVLMAh8]                      Book 2491 | Book stored as out_omr/musicxml/UBVLMAh8.omr
INFO  [UBVLMAh8]                 SheetStub 1644 | Disposed sheet
INFO  [UBVLMAh8]                      Book 2018 | End of Stub#1 memory: 31,465,432
INFO  [UBVLMAh8]                      Book 2025 | Book processed.
INFO  [UBVLMAh8]                 SheetStub 995  | Loaded /sheet#1/sheet#1.xml
INFO  [UBVLMAh8]           PartwiseBuilder 2661 | Exporting sheet(s): [#1]
INFO  [UBVLMAh8]             ScoreExporter 164  | Score UBVLMAh8 exported to out_omr/musicxml/UBVLMAh8.mxl
INFO  [UBVLMAh8]                     Score 181  | Closing {Score 1}
