INFO  []                       CLI 281  | CLI args: [-batch, -export, -output, out_omr/musicxml, out_omr/images/xyHfrD6E.png]
INFO  []              TesseractOCR 121  | TESSDATA_PREFIX: null
INFO  []                      Main 416  | Environment:
- Audiveris:    5.7.0:290525b
- OS:           Mac OS X 15.3.2
- Architecture: aarch64
- Java VM:      OpenJDK 64-Bit Server VM (build 24.0.2+12, mixed mode)
- OCR Engine:   Tesseract OCR, version 5.5.1
INFO  []             AliasPatterns 134  | Alias patterns: [(IMSLP[0-9]*)-.*]
INFO  []                      Main 247  | Running in batch mode
WARN  []                 Languages 142  | *** No installed OCR languages ***
INFO  []                      Main 193  | Submitting 1 task(s) in sequence:
    Input "/Users/noamshamir/Documents/ind_proj/scripts/scraping/out_omr/images/xyHfrD6E.png"
INFO  [xyHfrD6E]                      Book 562  | 1 sheet in /Users/noamshamir/Documents/ind_proj/scripts/scraping/out_omr/images/xyHfrD6E.png
INFO  []                      Book 2531 | Stored /book.xml
INFO  []                      Book 2491 | Book stored as out_omr/musicxml/xyHfrD6E.omr
INFO  []                      Book 1933 | Book reaching PAGE on sheets:[#1]
INFO  [xyHfrD6E]            StepMonitoring 98   | LOAD
INFO  [xyHfrD6E]                 SheetStub 1268 | Loaded image #1 1970x219 from /Users/noamshamir/Documents/ind_proj/scripts/scraping/out_omr/images/xyHfrD6E.png
INFO  [xyHfrD6E]            StepMonitoring 98   | BINARY
INFO  [xyHfrD6E]            StepMonitoring 98   | SCALE
INFO  [xyHfrD6E]              ScaleBuilder 241  | Beam  guessed height: 10 -- 0.50 of 21 interline
INFO  [xyHfrD6E]              ScaleBuilder 264  | Beam measured height: 11 -- 0.33 of [6..21] range at 606% of needed quorum
INFO  [xyHfrD6E]                 ScaleStep 65   | Scale{ interline(20,21,21) line(3,3,3) beam(11)}
INFO  [xyHfrD6E]            StepMonitoring 98   | GRID
INFO  [xyHfrD6E]            LinesRetriever 1500 | Global slope: 0.00000
INFO  [xyHfrD6E]         ClustersRetriever 328  | Retrieved raw line clusters: 1 of sizes [5] with interline(20,21,21)
INFO  [xyHfrD6E]                 PeakGraph 310  | Systems: #1[1]
INFO  [xyHfrD6E]             SystemManager 779  | 1 part along 1 system
INFO  [xyHfrD6E]                      Book 545  | Created scores: [{Score 1}]
INFO  [xyHfrD6E]            StepMonitoring 98   | HEADERS
INFO  [xyHfrD6E]           BasicClassifier 277  | Classifier loaded XML norms.
INFO  [xyHfrD6E]        AbstractClassifier 396  | Classifier data loaded from default uri jar:file:/Applications/Audiveris.app/Contents/app/audiveris.jar!/res/basic-classifier.zip
INFO  [xyHfrD6E]            StepMonitoring 98   | STEM_SEEDS
INFO  [xyHfrD6E]             StemSeedsStep 86   | stem(4 max:5)
INFO  [xyHfrD6E]            StepMonitoring 98   | BEAMS
INFO  [xyHfrD6E]            StepMonitoring 98   | LEDGERS
INFO  [xyHfrD6E]            StepMonitoring 98   | HEADS
INFO  [xyHfrD6E]             HeadSeedTally 235  | Scale information: HeadSeeds{NOTEHEAD_BLACK[L:-0.6]}
INFO  [xyHfrD6E]            StepMonitoring 98   | STEMS
INFO  [xyHfrD6E]            StepMonitoring 98   | REDUCTION
INFO  [xyHfrD6E]             ReductionStep 105  | Stems free length median value: 73 pixels, 3.5 interlines
INFO  [xyHfrD6E]            StepMonitoring 98   | CUE_BEAMS
INFO  [xyHfrD6E]              CueBeamsStep 81   | Step CUE_BEAMS is skipped because small heads switch is off
INFO  [xyHfrD6E]            StepMonitoring 98   | TEXTS
WARN  [xyHfrD6E]              TesseractOCR 335  | The collection of supported languages is empty
INFO  [xyHfrD6E]                   OcrUtil 106  | Missing support for 'eng' language(s)
INFO  [xyHfrD6E]            StepMonitoring 98   | MEASURES
INFO  [xyHfrD6E]                      Page 307  | 4 raw measures: [4 in system#1]
INFO  [xyHfrD6E]            StepMonitoring 98   | CHORDS
INFO  [xyHfrD6E]            StepMonitoring 98   | CURVES
INFO  [xyHfrD6E]              SlursBuilder 240  | Slurs: 1
INFO  [xyHfrD6E]           SegmentsBuilder 155  | Segments: 5
INFO  [xyHfrD6E]            StepMonitoring 98   | SYMBOLS
INFO  [xyHfrD6E]            StepMonitoring 98   | LINKS
INFO  [xyHfrD6E]            StepMonitoring 98   | RHYTHMS
INFO  [xyHfrD6E]             MeasureRhythm 1045 | Measure{#2} No timeOffset for HeadChordInter#702{(0.538/0.538) staff:1 slot#7 dur:1/2}
INFO  [xyHfrD6E]        AbstractChordInter 627  | Measure{#2} No timeOffset for HeadChordInter#702{(0.538/0.538) staff:1 slot#7 dur:1/2}
INFO  [xyHfrD6E]        AbstractChordInter 627  | Measure{#2} No timeOffset for HeadChordInter#703{(0.949/0.949) staff:1 slot#8 dur:1/4}
INFO  [xyHfrD6E]        AbstractChordInter 627  | Measure{#2} No timeOffset for HeadChordInter#705{(0.945/0.945) staff:1 slot#10 dur:1/8}
INFO  [xyHfrD6E]        AbstractChordInter 627  | Measure{#2} No timeOffset for RestChordInter#831{(0.800/0.800) staff:1 slot#11 dur:1/8}
INFO  [xyHfrD6E]        AbstractChordInter 627  | Measure{#2} No timeOffset for HeadChordInter#706{(0.949/0.949) staff:1 slot#12 dur:1/8}
INFO  [xyHfrD6E]               StackRhythm 224  | S1 MeasureStack#2 no correct rhythm
INFO  [xyHfrD6E]            StepMonitoring 98   | PAGE
INFO  [xyHfrD6E]                      Book 2550 | Book{xyHfrD6E} storing
INFO  [xyHfrD6E]                      Book 2531 | Stored /book.xml
INFO  [xyHfrD6E]                DataHolder 348  | Stored /sheet#1/BINARY.png
INFO  [xyHfrD6E]                     Sheet 1562 | Stored /sheet#1/sheet#1.xml
INFO  [xyHfrD6E]                      Book 2491 | Book stored as out_omr/musicxml/xyHfrD6E.omr
INFO  [xyHfrD6E]                 SheetStub 1644 | Disposed sheet
INFO  [xyHfrD6E]                      Book 2018 | End of Stub#1 memory: 31,531,392
INFO  [xyHfrD6E]                      Book 2025 | Book processed.
INFO  [xyHfrD6E]                 SheetStub 995  | Loaded /sheet#1/sheet#1.xml
INFO  [xyHfrD6E]           PartwiseBuilder 2661 | Exporting sheet(s): [#1]
INFO  [xyHfrD6E]             ScoreExporter 164  | Score xyHfrD6E exported to out_omr/musicxml/xyHfrD6E.mxl
INFO  [xyHfrD6E]                     Score 181  | Closing {Score 1}
